0.10000000000000001 0.0
0.20000000000000001 0.0
0.30000000000000004 0.0
0.40000000000000002 0.0
0.5 0.0
0.59999999999999998 0.0
0.69999999999999996 6.7142857142857144
0.79999999999999993 7.375
0.89999999999999991 6.5555555555555554
0.99999999999999989 5.9000000000000004
1.0999999999999999 8.1818181818181817
1.2 13.083333333333334
1.3 16.53846153846154
1.4000000000000001 16.928571428571427
1.5000000000000002 18.933333333333334
1.6000000000000003 22.9375
1.7000000000000004 27.411764705882351
1.8000000000000005 31.333333333333332
1.9000000000000006 34.842105263157897
2.0000000000000004 38.049999999999997
2.1000000000000005 40.952380952380949
2.2000000000000006 43.590909090909093
2.3000000000000007 45.956521739130437
2.4000000000000008 48.166666666666664
2.5000000000000009 50.200000000000003
2.600000000000001 52.07692307692308
2.7000000000000011 53.407407407407405
2.8000000000000012 54.285714285714285
2.9000000000000012 54.310344827586206
3.0000000000000013 53.5
3.1000000000000014 51.774193548387096
3.2000000000000015 50.15625
3.3000000000000016 48.636363636363633
3.4000000000000017 47.205882352941174
3.5000000000000018 45.857142857142854
3.6000000000000019 44.638888888888886
3.700000000000002 43.864864864864863
3.800000000000002 42.921052631578945
3.9000000000000021 42.333333333333336
4.0000000000000018 41.875
4.1000000000000014 41.756097560975611
4.2000000000000011 42.047619047619051
4.3000000000000007 42.744186046511629
4.4000000000000004 43.636363636363633
4.5 44.266666666666666
4.5999999999999996 44.760869565217391
4.6999999999999993 45.638297872340424
4.7999999999999989 46.75
4.8999999999999986 47.816326530612244
4.9999999999999982 48.82
5.0999999999999979 49.803921568627452
5.1999999999999975 50.75
5.2999999999999972 51.566037735849058
5.3999999999999968 52.296296296296298
5.4999999999999964 53.0
5.5999999999999961 53.517857142857146
5.6999999999999957 53.596491228070178
5.7999999999999954 53.706896551724135
5.899999999999995 53.83050847457627
5.9999999999999947 54.049999999999997
6.0999999999999943 54.344262295081968
6.199999999999994 54.258064516129032
6.2999999999999936 53.841269841269842
6.3999999999999932 53.359375
6.4999999999999929 52.692307692307693
6.5999999999999925 51.984848484848484
6.6999999999999922 51.388059701492537
6.7999999999999918 50.882352941176471
6.8999999999999915 50.391304347826086
6.9999999999999911 49.928571428571431
7.0999999999999908 49.563380281690144
7.1999999999999904 49.5
7.2999999999999901 49.575342465753423
7.3999999999999897 49.797297297297298
7.4999999999999893 50.053333333333335
7.599999999999989 50.328947368421055
7.6999999999999886 50.61038961038961
7.7999999999999883 50.96153846153846
7.8999999999999879 51.405063291139243
7.9999999999999876 51.887500000000003
8.0999999999999872 52.407407407407405
8.1999999999999869 52.853658536585364
8.2999999999999865 53.361445783132531
8.3999999999999861 53.904761904761905
8.4999999999999858 54.435294117647061
8.5999999999999854 54.953488372093027
8.6999999999999851 55.448275862068968
8.7999999999999847 55.94318181818182
8.8999999999999844 56.426966292134829
8.999999999999984 56.899999999999999
9.0999999999999837 57.35164835164835
9.1999999999999833 57.739130434782609
9.2999999999999829 58.107526881720432
9.3999999999999826 58.436170212765958
9.4999999999999822 58.705263157894734
9.5999999999999819 59.0
9.6999999999999815 59.319587628865982
9.7999999999999812 59.489795918367349
9.8999999999999808 59.505050505050505
9.9999999999999805 59.299999999999997
10.09999999999998 58.920792079207921
10.19999999999998 58.352941176470587
10.299999999999979 57.805825242718448
10.399999999999979 57.25
10.499999999999979 56.733333333333334
10.599999999999978 56.301886792452834
10.699999999999978 55.841121495327101
10.799999999999978 55.333333333333336
10.899999999999977 54.834862385321102
10.999999999999977 54.436363636363637
11.099999999999977 54.135135135135137
11.199999999999976 53.883928571428569
11.299999999999976 53.73451327433628
11.399999999999975 53.614035087719301
11.499999999999975 53.573913043478264
11.599999999999975 53.560344827586206
11.699999999999974 53.589743589743591
11.799999999999974 53.686440677966104
11.899999999999974 53.823529411764703
11.999999999999973 54.0
12.099999999999973 54.18181818181818
12.199999999999973 54.33606557377049
12.299999999999972 54.520325203252035
12.399999999999972 54.741935483870968
12.499999999999972 54.991999999999997
12.599999999999971 55.246031746031747
12.699999999999971 55.503937007874015
12.799999999999971 55.796875
12.89999999999997 56.116279069767444
12.99999999999997 56.438461538461539
13.099999999999969 56.755725190839698
13.199999999999969 57.0
13.299999999999969 57.248120300751879
13.399999999999968 57.350746268656714
13.499999999999968 57.444444444444443
13.599999999999968 57.566176470588232
13.699999999999967 57.664233576642339
13.799999999999967 57.753623188405797
13.899999999999967 57.863309352517987
13.999999999999966 57.985714285714288
14.099999999999966 58.141843971631204
14.199999999999966 58.281690140845072
14.299999999999965 58.307692307692307
14.399999999999965 58.326388888888886
14.499999999999964 58.372413793103448
14.599999999999964 58.397260273972606
14.699999999999964 58.448979591836732
14.799999999999963 58.533783783783782
14.899999999999963 58.624161073825505
14.999999999999963 58.726666666666667
15.099999999999962 58.834437086092713
15.199999999999962 58.953947368421055
15.299999999999962 59.026143790849673
15.399999999999961 59.084415584415588
15.499999999999961 59.193548387096776
15.599999999999961 59.314102564102562
15.69999999999996 59.445859872611464
15.79999999999996 59.563291139240505
15.899999999999959 59.616352201257861
15.999999999999959 59.706249999999997
16.099999999999959 59.795031055900623
16.19999999999996 59.901234567901234
16.299999999999962 59.877300613496935
16.399999999999963 59.804878048780488
16.499999999999964 59.703030303030303
16.599999999999966 59.638554216867469
16.699999999999967 59.550898203592816
16.799999999999969 59.50595238095238
16.89999999999997 59.473372781065088
16.999999999999972 59.458823529411767
17.099999999999973 59.456140350877192
17.199999999999974 59.447674418604649
17.299999999999976 59.439306358381501
17.399999999999977 59.385057471264368
17.499999999999979 59.365714285714283
17.59999999999998 59.375
17.699999999999982 59.327683615819211
17.799999999999983 59.30898876404494
17.899999999999984 59.307262569832403
17.999999999999986 59.338888888888889
18.099999999999987 59.392265193370164
18.199999999999989 59.450549450549453
18.29999999999999 59.524590163934427
18.399999999999991 59.608695652173914
18.499999999999993 59.664864864864867
18.599999999999994 59.725806451612904
18.699999999999996 59.780748663101605
18.799999999999997 59.813829787234042
18.899999999999999 59.867724867724867
19.0 59.926315789473684
19.100000000000001 59.963350785340317
19.200000000000003 59.984375
19.300000000000004 60.010362694300518
19.400000000000006 60.02577319587629
19.500000000000007 60.035897435897439
19.600000000000009 60.071428571428569
19.70000000000001 60.121827411167516
19.800000000000011 60.207070707070706
19.900000000000013 60.311557788944725
20.000000000000014 60.420000000000002
20.100000000000016 60.557213930348261
20.200000000000017 60.702970297029701
20.300000000000018 60.842364532019701
20.40000000000002 60.965686274509807
20.500000000000021 61.073170731707314
20.600000000000023 61.189320388349515
20.700000000000024 61.256038647342997
20.800000000000026 61.23557692307692
20.900000000000027 61.224880382775119
21.000000000000028 61.195238095238096
21.10000000000003 61.161137440758296
21.200000000000031 61.061320754716981
21.300000000000033 60.981220657276992
21.400000000000034 60.864485981308412
21.500000000000036 60.753488372093024
21.600000000000037 60.643518518518519
21.700000000000038 60.52073732718894
21.80000000000004 60.417431192660551
21.900000000000041 60.242009132420094
22.000000000000043 60.049999999999997
22.100000000000044 59.909502262443439
22.200000000000045 59.77927927927928
22.300000000000047 59.663677130044846
22.400000000000048 59.535714285714285
22.50000000000005 59.431111111111115
22.600000000000051 59.331858407079643
22.700000000000053 59.224669603524227
22.800000000000054 59.092105263157897
22.900000000000055 58.986899563318779
23.000000000000057 58.895652173913042
23.100000000000058 58.770562770562769
23.20000000000006 58.642241379310342
23.300000000000061 58.497854077253216
23.400000000000063 58.341880341880341
23.500000000000064 58.195744680851064
23.600000000000065 58.008474576271183
23.700000000000067 57.83122362869198
23.800000000000068 57.676470588235297
23.90000000000007 57.552301255230127
24.000000000000071 57.4375
24.100000000000072 57.344398340248965
24.200000000000074 57.268595041322314
24.300000000000075 57.185185185185183
24.400000000000077 57.094262295081968
24.500000000000078 56.991836734693877
24.60000000000008 56.886178861788615
24.700000000000081 56.801619433198383
24.800000000000082 56.713709677419352
24.900000000000084 56.622489959839356
25.000000000000085 56.552
25.100000000000087 56.486055776892428
25.200000000000088 56.412698412698411
25.30000000000009 56.33201581027668
25.400000000000091 56.259842519685037
25.500000000000092 56.149019607843137
25.600000000000094 56.0625
25.700000000000095 55.953307392996109
25.800000000000097 55.810077519379846
25.900000000000098 55.660231660231659
26.000000000000099 55.526923076923076
26.100000000000101 55.409961685823752
26.200000000000102 55.236641221374043
26.300000000000104 55.064638783269963
26.400000000000105 54.890151515151516
26.500000000000107 54.698113207547166
26.600000000000108 54.515037593984964
26.700000000000109 54.359550561797754
26.800000000000111 54.179104477611943
26.900000000000112 53.992565055762078
27.000000000000114 53.818518518518516
27.100000000000115 53.638376383763834
27.200000000000117 53.481617647058826
27.300000000000118 53.329670329670328
27.400000000000119 53.17153284671533
27.500000000000121 53.025454545454544
27.600000000000122 52.891304347826086
27.700000000000124 52.758122743682307
27.800000000000125 52.640287769784173
27.900000000000126 52.505376344086024
28.000000000000128 52.360714285714288
28.100000000000129 52.217081850533809
28.200000000000131 52.088652482269502
28.300000000000132 51.978798586572438
28.400000000000134 51.859154929577464
28.500000000000135 51.761403508771927
28.600000000000136 51.667832167832167
28.700000000000138 51.581881533101047
28.800000000000139 51.496527777777779
28.900000000000141 51.425605536332178
29.000000000000142 51.348275862068967
29.100000000000144 51.271477663230243
29.200000000000145 51.174657534246577
29.300000000000146 51.105802047781573
29.400000000000148 51.047619047619051
29.500000000000149 50.983050847457626
29.600000000000151 50.922297297297298
29.700000000000152 50.848484848484851
29.800000000000153 50.755033557046978
29.900000000000155 50.668896321070235
30.000000000000156 50.573333333333331
30.100000000000158 50.498338870431894
30.200000000000159 50.400662251655632
30.300000000000161 50.287128712871286
30.400000000000162 50.131578947368418
30.500000000000163 49.973770491803279
30.600000000000165 49.820261437908499
30.700000000000166 49.65798045602606
30.800000000000168 49.503246753246756
30.900000000000169 49.346278317152105
31.000000000000171 49.200000000000003
31.100000000000172 49.067524115755624
31.200000000000173 48.926282051282051
31.300000000000175 48.795527156549518
31.400000000000176 48.652866242038215
31.500000000000178 48.526984126984125
31.600000000000179 48.411392405063289
31.70000000000018 48.318611987381701
31.800000000000182 48.216981132075475
31.900000000000183 48.128526645768027
32.000000000000185 48.065624999999997
32.100000000000186 48.006230529595015
32.200000000000188 47.922360248447205
32.300000000000189 47.826625386996902
32.40000000000019 47.709876543209873
32.500000000000192 47.60923076923077
32.600000000000193 47.509202453987733
32.700000000000195 47.403669724770644
32.800000000000196 47.271341463414636
32.900000000000198 47.161094224924014
33.000000000000199 47.06969696969697
33.1000000000002 46.990936555891238
33.200000000000202 46.918674698795179
33.300000000000203 46.846846846846844
33.400000000000205 46.787425149700596
33.500000000000206 46.731343283582092
33.600000000000207 46.69345238095238
33.700000000000209 46.676557863501486
33.80000000000021 46.653846153846153
33.900000000000212 46.622418879056049
34.000000000000213 46.573529411764703
34.100000000000215 46.521994134897362
34.200000000000216 46.488304093567251
34.300000000000217 46.440233236151606
34.400000000000219 46.375
34.50000000000022 46.318840579710148
34.600000000000222 46.263005780346823
34.700000000000223 46.204610951008647
34.800000000000225 46.123563218390807
34.900000000000226 46.042979942693407
35.000000000000227 45.942857142857143
35.100000000000229 45.851851851851855
35.20000000000023 45.761363636363633
35.300000000000232 45.679886685552411
35.400000000000233 45.601694915254235
35.500000000000234 45.515492957746481
35.600000000000236 45.429775280898873
35.700000000000237 45.336134453781511
35.800000000000239 45.234636871508378
35.90000000000024 45.125348189415043
36.000000000000242 45.022222222222226
36.100000000000243 44.914127423822713
36.200000000000244 44.790055248618785
36.300000000000246 44.669421487603309
36.400000000000247 44.557692307692307
36.500000000000249 44.449315068493149
36.60000000000025 44.33606557377049
36.700000000000252 44.22615803814714
36.800000000000253 44.105978260869563
36.900000000000254 44.016260162601625
37.000000000000256 43.94864864864865
37.100000000000257 43.878706199460915
37.200000000000259 43.806451612903224
37.30000000000026 43.742627345844504
37.400000000000261 43.684491978609628
37.500000000000263 43.621333333333332
37.600000000000264 43.550531914893618
37.700000000000266 43.45888594164456
37.800000000000267 43.38095238095238
37.900000000000269 43.303430079155675
38.00000000000027 43.231578947368419
38.100000000000271 43.183727034120736
38.200000000000273 43.123036649214662
38.300000000000274 43.041775456919062
38.400000000000276 42.932291666666664
38.500000000000277 42.831168831168831
38.600000000000279 42.740932642487046
38.70000000000028 42.645994832041346
38.800000000000281 42.559278350515463
38.900000000000283 42.465295629820048
39.000000000000284 42.379487179487178
39.100000000000286 42.291560102301787
39.200000000000287 42.186224489795919
39.300000000000288 42.086513994910945
39.40000000000029 41.992385786802032
39.500000000000291 41.901265822784808
39.600000000000293 41.803030303030305
39.700000000000294 41.70780856423174
39.800000000000296 41.6356783919598
39.900000000000297 41.56641604010025
40.000000000000298 41.509999999999998
40.1000000000003 41.441396508728182
40.200000000000301 41.385572139303484
40.300000000000303 41.344913151364764
40.400000000000304 41.319306930693067
40.500000000000306 41.298765432098769
40.600000000000307 41.278325123152712
40.700000000000308 41.245700245700249
40.80000000000031 41.215686274509807
40.900000000000311 41.207823960880198
41.000000000000313 41.185365853658539
41.100000000000314 41.163017031630169
41.200000000000315 41.118932038834949
41.300000000000317 41.067796610169495
41.400000000000318 41.026570048309182
41.50000000000032 40.983132530120479
41.600000000000321 40.93028846153846
41.700000000000323 40.863309352517987
41.800000000000324 40.789473684210527
41.900000000000325 40.720763723150355
42.000000000000327 40.652380952380952
42.100000000000328 40.596199524940616
42.20000000000033 40.53317535545024
42.300000000000331 40.470449172576835
42.400000000000333 40.410377358490564
42.500000000000334 40.352941176470587
42.600000000000335 40.291079812206576
42.700000000000337 40.234192037470727
42.800000000000338 40.168224299065422
42.90000000000034 40.116550116550115
43.000000000000341 40.072093023255817
43.100000000000342 40.030162412993036
43.200000000000344 39.979166666666664
43.300000000000345 39.937644341801388
43.400000000000347 39.894009216589865
43.500000000000348 39.859770114942528
43.60000000000035 39.821100917431195
43.700000000000351 39.775743707093824
43.800000000000352 39.716894977168948
43.900000000000354 39.662870159453306
44.000000000000355 39.602272727272727
44.100000000000357 39.535147392290249
44.200000000000358 39.484162895927604
44.30000000000036 39.449209932279906
44.400000000000361 39.418918918918919
44.500000000000362 39.37752808988764
44.600000000000364 39.329596412556057
44.700000000000365 39.297539149888145
44.800000000000367 39.265625
44.900000000000368 39.240534521158132
45.000000000000369 39.18888888888889
45.100000000000371 39.152993348115302
45.200000000000372 39.123893805309734
45.300000000000374 39.103752759381898
45.400000000000375 39.079295154185019
45.500000000000377 39.065934065934066
45.600000000000378 39.059210526315788
45.700000000000379 39.059080962800877
45.800000000000381 39.056768558951966
45.900000000000382 39.058823529411768
46.000000000000384 39.071739130434786
46.100000000000385 39.093275488069416
46.200000000000387 39.106060606060609
46.300000000000388 39.120950323974085
46.400000000000389 39.140086206896555
46.500000000000391 39.165591397849461
46.600000000000392 39.184549356223179
46.700000000000394 39.201284796573873
46.800000000000395 39.226495726495727
46.900000000000396 39.255863539445627
47.000000000000398 39.285106382978725
47.100000000000399 39.312101910828027
47.200000000000401 39.332627118644069
47.300000000000402 39.350951374207192
47.400000000000404 39.367088607594937
47.500000000000405 39.389473684210529
47.600000000000406 39.405462184873947
47.700000000000408 39.421383647798741
47.800000000000409 39.430962343096233
47.900000000000411 39.419624217119001
48.000000000000412 39.395833333333336
48.100000000000414 39.365904365904363
48.200000000000415 39.329875518672196
48.300000000000416 39.293995859213247
48.400000000000418 39.237603305785122
48.500000000000419 39.162886597938147
48.600000000000421 39.08230452674897
48.700000000000422 39.004106776180699
48.800000000000423 38.936475409836063
48.900000000000425 38.891615541922292
49.000000000000426 38.836734693877553
49.100000000000428 38.769857433808554
49.200000000000429 38.697154471544714
49.300000000000431 38.632860040567948
49.400000000000432 38.572874493927124
49.500000000000433 38.513131313131311
49.600000000000435 38.443548387096776
49.700000000000436 38.388329979879273
49.800000000000438 38.337349397590359
49.900000000000439 38.296593186372746
50.000000000000441 38.259999999999998
50.100000000000442 38.223552894211579
50.200000000000443 38.189243027888445
50.300000000000445 38.157057654075544
50.400000000000446 38.128968253968253
50.500000000000448 38.099009900990097
50.600000000000449 38.081027667984188
50.70000000000045 38.067061143984219
50.800000000000452 38.047244094488192
50.900000000000453 38.015717092337916
51.000000000000455 37.990196078431374
51.100000000000456 37.968688845401175
51.200000000000458 37.9453125
51.300000000000459 37.916179337231966
51.40000000000046 37.904669260700388
51.500000000000462 37.881553398058252
51.600000000000463 37.86434108527132
51.700000000000465 37.851063829787236
51.800000000000466 37.84749034749035
51.900000000000468 37.859344894026975
52.000000000000469 37.865384615384613
52.10000000000047 37.875239923224569
52.200000000000472 37.883141762452105
52.300000000000473 37.906309751434037
52.400000000000475 37.931297709923662
52.500000000000476 37.956190476190478
52.600000000000477 37.971482889733842
52.700000000000479 37.984819734345351
52.80000000000048 37.998106060606062
52.900000000000482 38.015122873345938
53.000000000000483 38.045283018867927
53.100000000000485 38.079096045197737
53.200000000000486 38.082706766917291
53.300000000000487 38.084427767354597
53.400000000000489 38.084269662921351
53.50000000000049 38.069158878504673
53.600000000000492 38.065298507462686
53.700000000000493 38.054003724394789
53.800000000000495 38.044609665427508
53.900000000000496 38.009276437847866
54.000000000000497 37.979629629629628
54.100000000000499 37.953789279112755
54.2000000000005 37.924354243542439
54.300000000000502 37.900552486187848
54.400000000000503 37.869485294117645
54.500000000000504 37.83302752293578
54.600000000000506 37.802197802197803
54.700000000000507 37.780621572212063
54.800000000000509 37.753649635036496
54.90000000000051 37.721311475409834
55.000000000000512 37.687272727272727
55.100000000000513 37.662431941923778
55.200000000000514 37.630434782608695
55.300000000000516 37.594936708860757
55.400000000000517 37.550541516245488
55.500000000000519 37.506306306306307
55.60000000000052 37.460431654676256
55.700000000000522 37.409335727109514
55.800000000000523 37.37096774193548
55.900000000000524 37.334525939177105
56.000000000000526 37.299999999999997
56.100000000000527 37.258467023172905
56.200000000000529 37.229537366548044
56.30000000000053 37.211367673179396
56.400000000000531 37.187943262411345
56.500000000000533 37.166371681415932
56.600000000000534 37.14310954063604
56.700000000000536 37.128747795414462
56.800000000000537 37.117957746478872
56.900000000000539 37.103690685413007
57.00000000000054 37.096491228070178
57.100000000000541 37.094570928196148
57.200000000000543 37.106643356643353
57.300000000000544 37.123909249563702
57.400000000000546 37.128919860627178
57.500000000000547 37.146086956521742
57.600000000000549 37.152777777777779
57.70000000000055 37.162911611785098
57.800000000000551 37.17128027681661
57.900000000000553 37.181347150259064
58.000000000000554 37.196551724137933
58.100000000000556 37.203098106712567
58.200000000000557 37.211340206185568
58.300000000000558 37.224699828473412
58.40000000000056 37.243150684931507
58.500000000000561 37.256410256410255
58.600000000000563 37.276450511945391
58.700000000000564 37.301533219761502
58.800000000000566 37.32823129251701
58.900000000000567 37.368421052631582
59.000000000000568 37.406779661016948
59.10000000000057 37.44670050761421
59.200000000000571 37.484797297297298
59.300000000000573 37.522765598650928
59.400000000000574 37.555555555555557
59.500000000000576 37.581512605042015
59.600000000000577 37.609060402684563
59.700000000000578 37.639865996649917
59.80000000000058 37.6505016722408
59.900000000000581 37.657762938230384
60.000000000000583 37.651666666666664
