0.10000000000000001 0.0
0.20000000000000001 0.0
0.30000000000000004 0.0
0.40000000000000002 0.0
0.5 0.0
0.59999999999999998 0.0
0.69999999999999996 6.7142857142857144
0.79999999999999993 7.375
0.89999999999999991 6.5555555555555554
0.99999999999999989 5.9000000000000004
1.0999999999999999 8.1818181818181817
1.2 13.083333333333334
1.3 16.53846153846154
1.4000000000000001 16.928571428571427
1.5000000000000002 18.933333333333334
1.6000000000000003 22.9375
1.7000000000000004 27.470588235294116
1.8000000000000005 31.444444444444443
1.9000000000000006 35.0
2.0000000000000004 38.25
2.1000000000000005 41.19047619047619
2.2000000000000006 43.863636363636367
2.3000000000000007 46.260869565217391
2.4000000000000008 48.5
2.5000000000000009 50.560000000000002
2.600000000000001 52.46153846153846
2.7000000000000011 53.851851851851855
2.8000000000000012 54.75
2.9000000000000012 54.896551724137929
3.0000000000000013 54.166666666666664
3.1000000000000014 52.41935483870968
3.2000000000000015 50.78125
3.3000000000000016 49.242424242424242
3.4000000000000017 47.794117647058826
3.5000000000000018 46.457142857142856
3.6000000000000019 45.194444444444443
3.700000000000002 44.351351351351354
3.800000000000002 43.44736842105263
3.9000000000000021 42.820512820512818
4.0000000000000018 42.399999999999999
4.1000000000000014 42.219512195121951
4.2000000000000011 42.428571428571431
4.3000000000000007 43.069767441860463
4.4000000000000004 43.93181818181818
4.5 44.600000000000001
4.5999999999999996 45.065217391304351
4.6999999999999993 45.893617021276597
4.7999999999999989 47.020833333333336
4.8999999999999986 48.102040816326529
4.9999999999999982 49.119999999999997
5.0999999999999979 50.117647058823529
5.1999999999999975 51.07692307692308
5.2999999999999972 51.924528301886795
5.3999999999999968 52.666666666666664
5.4999999999999964 53.309090909090912
5.5999999999999961 53.839285714285715
5.6999999999999957 53.859649122807021
5.7999999999999954 53.844827586206897
5.899999999999995 53.83050847457627
5.9999999999999947 53.899999999999999
6.0999999999999943 54.065573770491802
6.199999999999994 53.951612903225808
6.2999999999999936 53.444444444444443
6.3999999999999932 52.6875
6.4999999999999929 51.92307692307692
6.5999999999999925 51.257575757575758
6.6999999999999922 50.611940298507463
6.7999999999999918 50.014705882352942
6.8999999999999915 49.420289855072461
6.9999999999999911 48.771428571428572
7.0999999999999908 48.197183098591552
7.1999999999999904 47.916666666666664
7.2999999999999901 47.794520547945204
7.3999999999999897 47.567567567567565
7.4999999999999893 47.306666666666665
7.599999999999989 47.039473684210527
7.6999999999999886 46.857142857142854
7.7999999999999883 46.769230769230766
7.8999999999999879 46.632911392405063
7.9999999999999876 46.5625
8.0999999999999872 46.580246913580247
8.1999999999999869 46.68292682926829
8.2999999999999865 46.867469879518069
8.3999999999999861 47.035714285714285
8.4999999999999858 47.258823529411764
8.5999999999999854 47.337209302325583
8.6999999999999851 47.459770114942529
8.7999999999999847 47.613636363636367
8.8999999999999844 47.797752808988761
8.999999999999984 48.033333333333331
9.0999999999999837 48.230769230769234
9.1999999999999833 48.467391304347828
9.2999999999999829 48.731182795698928
9.3999999999999826 49.01063829787234
9.4999999999999822 49.294736842105266
9.5999999999999819 49.572916666666664
9.6999999999999815 49.886597938144327
9.7999999999999812 50.214285714285715
9.8999999999999808 50.555555555555557
9.9999999999999805 50.859999999999999
10.09999999999998 51.148514851485146
10.19999999999998 51.411764705882355
10.299999999999979 51.631067961165051
10.399999999999979 51.875
10.499999999999979 52.076190476190476
10.599999999999978 52.330188679245282
10.699999999999978 52.607476635514018
10.799999999999978 52.898148148148145
10.899999999999977 53.137614678899084
10.999999999999977 53.427272727272729
11.099999999999977 53.711711711711715
11.199999999999976 53.964285714285715
11.299999999999976 54.203539823008846
11.399999999999975 54.473684210526315
11.499999999999975 54.591304347826089
11.599999999999975 54.620689655172413
11.699999999999974 54.641025641025642
11.799999999999974 54.618644067796609
11.899999999999974 54.596638655462186
11.999999999999973 54.5
12.099999999999973 54.33884297520661
12.199999999999973 54.155737704918032
12.299999999999972 53.853658536585364
12.399999999999972 53.556451612903224
12.499999999999972 53.152000000000001
12.599999999999971 52.793650793650791
12.699999999999971 52.433070866141733
12.799999999999971 52.0546875
12.89999999999997 51.70542635658915
12.99999999999997 51.361538461538458
13.099999999999969 51.068702290076338
13.199999999999969 50.734848484848484
13.299999999999969 50.436090225563909
13.399999999999968 50.082089552238806
13.499999999999968 49.770370370370372
13.599999999999968 49.463235294117645
13.699999999999967 49.153284671532845
13.799999999999967 48.862318840579711
13.899999999999967 48.618705035971225
13.999999999999966 48.428571428571431
14.099999999999966 48.304964539007095
14.199999999999966 48.176056338028168
14.299999999999965 48.055944055944053
14.399999999999965 47.944444444444443
14.499999999999964 47.868965517241378
14.599999999999964 47.828767123287669
14.699999999999964 47.80952380952381
14.799999999999963 47.770270270270274
14.899999999999963 47.731543624161077
14.999999999999963 47.68
15.099999999999962 47.642384105960268
15.199999999999962 47.611842105263158
15.299999999999962 47.58169934640523
15.399999999999961 47.545454545454547
15.499999999999961 47.509677419354837
15.599999999999961 47.480769230769234
15.69999999999996 47.445859872611464
15.79999999999996 47.424050632911396
15.899999999999959 47.421383647798741
15.999999999999959 47.456249999999997
16.099999999999959 47.503105590062113
16.19999999999996 47.555555555555557
16.299999999999962 47.576687116564415
16.399999999999963 47.628048780487802
16.499999999999964 47.654545454545456
16.599999999999966 47.7289156626506
16.699999999999967 47.82634730538922
16.799999999999969 47.93452380952381
16.89999999999997 48.023668639053255
16.999999999999972 48.152941176470591
17.099999999999973 48.257309941520468
17.199999999999974 48.302325581395351
17.299999999999976 48.375722543352602
17.399999999999977 48.46551724137931
17.499999999999979 48.520000000000003
17.59999999999998 48.545454545454547
17.699999999999982 48.548022598870055
17.799999999999983 48.528089887640448
17.899999999999984 48.508379888268159
17.999999999999986 48.5
18.099999999999987 48.513812154696133
18.199999999999989 48.516483516483518
18.29999999999999 48.535519125683059
18.399999999999991 48.554347826086953
18.499999999999993 48.578378378378382
18.599999999999994 48.62903225806452
18.699999999999996 48.679144385026738
18.799999999999997 48.712765957446805
18.899999999999999 48.708994708994709
19.0 48.663157894736841
19.100000000000001 48.554973821989527
19.200000000000003 48.458333333333336
19.300000000000004 48.362694300518136
19.400000000000006 48.288659793814432
19.500000000000007 48.200000000000003
19.600000000000009 48.051020408163268
19.70000000000001 47.923857868020306
19.800000000000011 47.792929292929294
19.900000000000013 47.708542713567837
20.000000000000014 47.655000000000001
20.100000000000016 47.621890547263682
20.200000000000017 47.594059405940591
20.300000000000018 47.591133004926107
20.40000000000002 47.568627450980394
20.500000000000021 47.575609756097563
20.600000000000023 47.592233009708735
20.700000000000024 47.594202898550726
20.800000000000026 47.572115384615387
20.900000000000027 47.564593301435409
21.000000000000028 47.542857142857144
21.10000000000003 47.521327014218009
21.200000000000031 47.504716981132077
21.300000000000033 47.521126760563384
21.400000000000034 47.546728971962615
21.500000000000036 47.558139534883722
21.600000000000037 47.564814814814817
21.700000000000038 47.571428571428569
21.80000000000004 47.587155963302749
21.900000000000041 47.630136986301373
22.000000000000043 47.649999999999999
22.100000000000044 47.687782805429862
22.200000000000045 47.72072072072072
22.300000000000047 47.757847533632287
22.400000000000048 47.785714285714285
22.50000000000005 47.782222222222224
22.600000000000051 47.778761061946902
22.700000000000053 47.753303964757713
22.800000000000054 47.723684210526315
22.900000000000055 47.668122270742359
23.000000000000057 47.621739130434783
23.100000000000058 47.584415584415588
23.20000000000006 47.538793103448278
23.300000000000061 47.480686695278969
23.400000000000063 47.427350427350426
23.500000000000064 47.374468085106386
23.600000000000065 47.313559322033896
23.700000000000067 47.244725738396625
23.800000000000068 47.201680672268907
23.90000000000007 47.18410041841004
24.000000000000071 47.1875
24.100000000000072 47.182572614107883
24.200000000000074 47.202479338842977
24.300000000000075 47.230452674897123
24.400000000000077 47.241803278688522
24.500000000000078 47.25714285714286
24.60000000000008 47.268292682926827
24.700000000000081 47.279352226720647
24.800000000000082 47.298387096774192
24.900000000000084 47.317269076305223
25.000000000000085 47.295999999999999
25.100000000000087 47.274900398406373
25.200000000000088 47.25
25.30000000000009 47.22529644268775
25.400000000000091 47.204724409448822
25.500000000000092 47.176470588235297
25.600000000000094 47.1484375
25.700000000000095 47.112840466926073
25.800000000000097 47.089147286821706
25.900000000000098 47.042471042471043
26.000000000000099 47.003846153846155
26.100000000000101 46.984674329501914
26.200000000000102 46.961832061068705
26.300000000000104 46.923954372623577
26.400000000000105 46.867424242424242
26.500000000000107 46.822641509433964
26.600000000000108 46.778195488721806
26.700000000000109 46.756554307116104
26.800000000000111 46.742537313432834
26.900000000000112 46.754646840148702
27.000000000000114 46.777777777777779
27.100000000000115 46.800738007380076
27.200000000000117 46.808823529411768
27.300000000000118 46.824175824175825
27.400000000000119 46.861313868613138
27.500000000000121 46.905454545454546
27.600000000000122 46.95289855072464
27.700000000000124 47.0
27.800000000000125 47.050359712230218
27.900000000000126 47.118279569892472
28.000000000000128 47.157142857142858
28.100000000000129 47.206405693950181
28.200000000000131 47.244680851063826
28.300000000000132 47.261484098939931
28.400000000000134 47.2887323943662
28.500000000000135 47.315789473684212
28.600000000000136 47.328671328671327
28.700000000000138 47.344947735191639
28.800000000000139 47.322916666666664
28.900000000000141 47.294117647058826
29.000000000000142 47.255172413793105
29.100000000000144 47.233676975945016
29.200000000000145 47.219178082191782
29.300000000000146 47.204778156996589
29.400000000000148 47.187074829931973
29.500000000000149 47.179661016949154
29.600000000000151 47.155405405405403
29.700000000000152 47.111111111111114
29.800000000000153 47.057046979865774
29.900000000000155 47.006688963210699
30.000000000000156 46.953333333333333
30.100000000000158 46.89036544850498
30.200000000000159 46.82119205298013
30.300000000000161 46.732673267326732
30.400000000000162 46.654605263157897
30.500000000000163 46.590163934426229
30.600000000000165 46.522875816993462
30.700000000000166 46.45602605863192
30.800000000000168 46.383116883116884
30.900000000000169 46.31715210355987
31.000000000000171 46.258064516129032
31.100000000000172 46.20257234726688
31.200000000000173 46.169871794871796
31.300000000000175 46.146964856230035
31.400000000000176 46.130573248407643
31.500000000000178 46.12063492063492
31.600000000000179 46.120253164556964
31.70000000000018 46.132492113564666
31.800000000000182 46.169811320754718
31.900000000000183 46.197492163009407
32.000000000000185 46.25
32.100000000000186 46.31464174454829
32.200000000000188 46.381987577639748
32.300000000000189 46.455108359133128
32.40000000000019 46.546296296296298
32.500000000000192 46.630769230769232
32.600000000000193 46.720858895705518
32.700000000000195 46.807339449541281
32.800000000000196 46.902439024390247
32.900000000000198 46.996960486322187
33.000000000000199 47.06969696969697
33.1000000000002 47.145015105740178
33.200000000000202 47.222891566265062
33.300000000000203 47.285285285285283
33.400000000000205 47.338323353293411
33.500000000000206 47.388059701492537
33.600000000000207 47.43154761904762
33.700000000000209 47.489614243323444
33.80000000000021 47.544378698224854
33.900000000000212 47.587020648967552
34.000000000000213 47.623529411764707
34.100000000000215 47.651026392961874
34.200000000000216 47.690058479532162
34.300000000000217 47.728862973760933
34.400000000000219 47.729651162790695
34.50000000000022 47.727536231884059
34.600000000000222 47.71965317919075
34.700000000000223 47.706051873198845
34.800000000000225 47.649425287356323
34.900000000000226 47.58452722063037
35.000000000000227 47.494285714285716
35.100000000000229 47.396011396011396
35.20000000000023 47.289772727272727
35.300000000000232 47.169971671388105
35.400000000000233 47.070621468926554
35.500000000000234 46.974647887323947
35.600000000000236 46.898876404494381
35.700000000000237 46.826330532212886
35.800000000000239 46.745810055865924
35.90000000000024 46.676880222841227
36.000000000000242 46.594444444444441
36.100000000000243 46.518005540166207
36.200000000000244 46.450276243093924
36.300000000000246 46.396694214876035
36.400000000000247 46.340659340659343
36.500000000000249 46.287671232876711
36.60000000000025 46.213114754098363
36.700000000000252 46.160762942779293
36.800000000000253 46.105978260869563
36.900000000000254 46.051490514905147
37.000000000000256 46.002702702702706
37.100000000000257 45.964959568733157
37.200000000000259 45.935483870967744
37.30000000000026 45.914209115281501
37.400000000000261 45.906417112299465
37.500000000000263 45.914666666666669
37.600000000000264 45.928191489361701
37.700000000000266 45.938992042440319
37.800000000000267 45.94708994708995
37.900000000000269 45.968337730870715
38.00000000000027 45.989473684210523
38.100000000000271 46.01312335958005
38.200000000000273 46.028795811518322
38.300000000000274 46.044386422976501
38.400000000000276 46.0546875
38.500000000000277 46.075324675324673
38.600000000000279 46.108808290155437
38.70000000000028 46.126614987080103
38.800000000000281 46.152061855670105
38.900000000000283 46.18766066838046
39.000000000000284 46.220512820512823
39.100000000000286 46.263427109974423
39.200000000000287 46.285714285714285
39.300000000000288 46.323155216284988
39.40000000000029 46.357868020304565
39.500000000000291 46.399999999999999
39.600000000000293 46.434343434343432
39.700000000000294 46.471032745591941
39.800000000000296 46.515075376884425
39.900000000000297 46.546365914786968
40.000000000000298 46.57
40.1000000000003 46.588528678304236
40.200000000000301 46.597014925373138
40.300000000000303 46.605459057071961
40.400000000000304 46.611386138613859
40.500000000000306 46.59753086419753
40.600000000000307 46.581280788177338
40.700000000000308 46.572481572481571
40.80000000000031 46.566176470588232
40.900000000000311 46.552567237163814
41.000000000000313 46.556097560975608
41.100000000000314 46.564476885644766
41.200000000000315 46.575242718446603
41.300000000000317 46.578692493946733
41.400000000000318 46.584541062801932
41.50000000000032 46.590361445783131
41.600000000000321 46.59375
41.700000000000323 46.592326139088726
41.800000000000324 46.590909090909093
41.900000000000325 46.601431980906924
42.000000000000327 46.607142857142854
42.100000000000328 46.60807600950119
42.20000000000033 46.609004739336491
42.300000000000331 46.612293144208039
42.400000000000333 46.620283018867923
42.500000000000334 46.616470588235295
42.600000000000335 46.617370892018776
42.700000000000337 46.629976580796253
42.800000000000338 46.642523364485982
42.90000000000034 46.652680652680651
43.000000000000341 46.634883720930233
43.100000000000342 46.621809744779583
43.200000000000344 46.606481481481481
43.300000000000345 46.602771362586608
43.400000000000347 46.587557603686633
43.500000000000348 46.570114942528733
43.60000000000035 46.555045871559635
43.700000000000351 46.54233409610984
43.800000000000352 46.538812785388124
43.900000000000354 46.537585421412302
44.000000000000355 46.559090909090912
44.100000000000357 46.57823129251701
44.200000000000358 46.563348416289593
44.30000000000036 46.550790067720094
44.400000000000361 46.538288288288285
44.500000000000362 46.532584269662919
44.600000000000364 46.535874439461885
44.700000000000365 46.550335570469798
44.800000000000367 46.578125
44.900000000000368 46.59688195991091
45.000000000000369 46.606666666666669
45.100000000000371 46.605321507760529
45.200000000000372 46.586283185840706
45.300000000000374 46.578366445916117
45.400000000000375 46.552863436123346
45.500000000000377 46.509890109890108
45.600000000000378 46.453947368421055
45.700000000000379 46.38293216630197
45.800000000000381 46.312227074235807
45.900000000000382 46.233115468409586
46.000000000000384 46.149999999999999
46.100000000000385 46.078091106290671
46.200000000000387 46.01731601731602
46.300000000000388 45.965442764578832
46.400000000000389 45.918103448275865
46.500000000000391 45.881720430107528
46.600000000000392 45.856223175965667
46.700000000000394 45.83083511777302
46.800000000000395 45.814102564102562
46.900000000000396 45.805970149253731
47.000000000000398 45.804255319148936
47.100000000000399 45.815286624203821
47.200000000000401 45.828389830508478
47.300000000000402 45.856236786469346
47.400000000000404 45.888185654008439
47.500000000000405 45.930526315789471
47.600000000000406 45.978991596638657
47.700000000000408 46.025157232704402
47.800000000000409 46.06694560669456
47.900000000000411 46.110647181628394
48.000000000000412 46.16041666666667
48.100000000000414 46.201663201663202
48.200000000000415 46.240663900414937
48.300000000000416 46.273291925465841
48.400000000000418 46.314049586776861
48.500000000000419 46.350515463917525
48.600000000000421 46.384773662551439
48.700000000000422 46.427104722792606
48.800000000000423 46.469262295081968
48.900000000000425 46.488752556237216
49.000000000000426 46.508163265306123
49.100000000000428 46.531568228105904
49.200000000000429 46.556910569105689
49.300000000000431 46.5841784989858
49.400000000000432 46.597165991902834
49.500000000000433 46.597979797979797
49.600000000000435 46.604838709677416
49.700000000000436 46.595573440643861
49.800000000000438 46.586345381526101
49.900000000000439 46.553106212424851
50.000000000000441 46.531999999999996
50.100000000000442 46.510978043912175
50.200000000000443 46.488047808764939
50.300000000000445 46.467196819085487
50.400000000000446 46.446428571428569
50.500000000000448 46.43168316831683
50.600000000000449 46.409090909090907
50.70000000000045 46.386587771203153
50.800000000000452 46.377952755905511
50.900000000000453 46.379174852652262
51.000000000000455 46.384313725490195
51.100000000000456 46.379647749510767
51.200000000000458 46.353515625
51.300000000000459 46.337231968810919
51.40000000000046 46.322957198443582
51.500000000000462 46.29514563106796
51.600000000000463 46.263565891472865
51.700000000000465 46.237911025145067
51.800000000000466 46.198841698841697
51.900000000000468 46.152215799614645
52.000000000000469 46.107692307692311
52.10000000000047 46.055662188099809
52.200000000000472 46.005747126436781
52.300000000000473 45.957934990439767
52.400000000000475 45.906488549618324
52.500000000000476 45.843809523809526
52.600000000000477 45.79467680608365
52.700000000000479 45.743833017077797
52.80000000000048 45.69318181818182
52.900000000000482 45.65406427221172
53.000000000000483 45.616981132075473
53.100000000000485 45.574387947269301
53.200000000000486 45.537593984962406
53.300000000000487 45.514071294559102
53.400000000000489 45.49812734082397
53.50000000000049 45.493457943925236
53.600000000000492 45.494402985074629
53.700000000000493 45.502793296089386
53.800000000000495 45.511152416356879
53.900000000000496 45.530612244897959
54.000000000000497 45.55740740740741
54.100000000000499 45.587800369685766
54.2000000000005 45.629151291512912
54.300000000000502 45.666666666666664
54.400000000000503 45.700367647058826
54.500000000000504 45.744954128440369
54.600000000000506 45.796703296703299
54.700000000000507 45.853747714808044
54.800000000000509 45.905109489051092
54.90000000000051 45.961748633879779
55.000000000000512 46.012727272727275
55.100000000000513 46.067150635208712
55.200000000000514 46.119565217391305
55.300000000000516 46.162748643761304
55.400000000000517 46.211191335740075
55.500000000000519 46.250450450450451
55.60000000000052 46.285971223021583
55.700000000000522 46.319569120287255
55.800000000000523 46.353046594982082
55.900000000000524 46.389982110912342
56.000000000000526 46.423214285714288
56.100000000000527 46.44385026737968
56.200000000000529 46.462633451957295
56.30000000000053 46.477797513321491
56.400000000000531 46.478723404255319
56.500000000000533 46.477876106194692
56.600000000000534 46.471731448763251
56.700000000000536 46.474426807760139
56.800000000000537 46.482394366197184
56.900000000000539 46.486818980667842
57.00000000000054 46.484210526315792
57.100000000000541 46.476357267950966
57.200000000000543 46.465034965034967
57.300000000000544 46.434554973821989
57.400000000000546 46.409407665505228
57.500000000000547 46.387826086956522
57.600000000000549 46.350694444444443
57.70000000000055 46.306759098786827
57.800000000000551 46.262975778546711
57.900000000000553 46.222797927461137
58.000000000000554 46.189655172413794
58.100000000000556 46.142857142857146
58.200000000000557 46.108247422680414
58.300000000000558 46.078902229845625
58.40000000000056 46.044520547945204
58.500000000000561 46.008547008547012
58.600000000000563 45.988054607508531
58.700000000000564 45.969335604770016
58.800000000000566 45.938775510204081
58.900000000000567 45.891341256366722
59.000000000000568 45.849152542372885
59.10000000000057 45.81218274111675
59.200000000000571 45.778716216216218
59.300000000000573 45.741989881956158
59.400000000000574 45.718855218855218
59.500000000000576 45.69747899159664
59.600000000000577 45.674496644295303
59.700000000000578 45.634840871021773
59.80000000000058 45.612040133779267
59.900000000000581 45.590984974958261
60.000000000000583 45.571666666666665
