0.10000000000000001 0.0
0.20000000000000001 0.0
0.30000000000000004 0.0
0.40000000000000002 0.0
0.5 0.0
0.59999999999999998 0.0
0.69999999999999996 6.7142857142857144
0.79999999999999993 7.25
0.89999999999999991 6.4444444444444446
0.99999999999999989 5.7999999999999998
1.0999999999999999 8.0909090909090917
1.2 12.916666666666666
1.3 15.846153846153847
1.4000000000000001 15.714285714285714
1.5000000000000002 17.066666666666666
1.6000000000000003 20.125
1.7000000000000004 24.764705882352942
1.8000000000000005 28.888888888888889
1.9000000000000006 32.578947368421055
2.0000000000000004 35.950000000000003
2.1000000000000005 39.0
2.2000000000000006 41.772727272727273
2.3000000000000007 44.217391304347828
2.4000000000000008 46.458333333333336
2.5000000000000009 48.280000000000001
2.600000000000001 49.692307692307693
2.7000000000000011 49.74074074074074
2.8000000000000012 48.928571428571431
2.9000000000000012 47.241379310344826
3.0000000000000013 45.666666666666664
3.1000000000000014 44.193548387096776
3.2000000000000015 42.90625
3.3000000000000016 41.909090909090907
3.4000000000000017 40.676470588235297
3.5000000000000018 39.571428571428569
3.6000000000000019 38.555555555555557
3.700000000000002 38.243243243243242
3.800000000000002 37.789473684210527
3.9000000000000021 37.051282051282051
4.0000000000000018 36.524999999999999
4.1000000000000014 36.31707317073171
4.2000000000000011 35.714285714285715
4.3000000000000007 34.930232558139537
4.4000000000000004 34.136363636363633
4.5 33.577777777777776
4.5999999999999996 32.869565217391305
4.6999999999999993 32.170212765957444
4.7999999999999989 31.5
4.8999999999999986 30.877551020408163
4.9999999999999982 30.260000000000002
5.0999999999999979 29.666666666666668
5.1999999999999975 29.096153846153847
5.2999999999999972 28.547169811320753
5.3999999999999968 28.018518518518519
5.4999999999999964 27.527272727272727
5.5999999999999961 27.035714285714285
5.6999999999999957 26.561403508771932
5.7999999999999954 26.172413793103448
5.899999999999995 25.915254237288135
5.9999999999999947 25.5
6.0999999999999943 25.098360655737704
6.199999999999994 24.741935483870968
6.2999999999999936 24.396825396825395
6.3999999999999932 24.125
6.4999999999999929 23.846153846153847
6.5999999999999925 23.545454545454547
6.6999999999999922 23.298507462686569
6.7999999999999918 22.985294117647058
6.8999999999999915 22.652173913043477
6.9999999999999911 22.328571428571429
7.0999999999999908 22.08450704225352
7.1999999999999904 21.791666666666668
7.2999999999999901 21.575342465753426
7.3999999999999897 21.283783783783782
7.4999999999999893 21.039999999999999
7.599999999999989 20.80263157894737
7.6999999999999886 20.649350649350648
7.7999999999999883 20.410256410256409
7.8999999999999879 20.164556962025316
7.9999999999999876 19.949999999999999
8.0999999999999872 19.74074074074074
8.1999999999999869 19.524390243902438
8.2999999999999865 19.361445783132531
8.3999999999999861 19.273809523809526
8.4999999999999858 19.08235294117647
8.5999999999999854 18.918604651162791
8.6999999999999851 18.735632183908045
8.7999999999999847 18.613636363636363
8.8999999999999844 18.415730337078653
8.999999999999984 18.244444444444444
9.0999999999999837 18.12087912087912
9.1999999999999833 17.956521739130434
9.2999999999999829 17.774193548387096
9.3999999999999826 17.659574468085108
9.4999999999999822 17.557894736842105
9.5999999999999819 17.375
9.6999999999999815 17.216494845360824
9.7999999999999812 17.122448979591837
9.8999999999999808 16.979797979797979
9.9999999999999805 16.809999999999999
10.09999999999998 16.693069306930692
10.19999999999998 16.549019607843139
10.299999999999979 16.388349514563107
10.399999999999979 16.259615384615383
10.499999999999979 16.171428571428571
10.599999999999978 16.047169811320753
10.699999999999978 15.897196261682243
10.799999999999978 15.814814814814815
10.899999999999977 15.688073394495413
10.999999999999977 15.572727272727272
11.099999999999977 15.486486486486486
11.199999999999976 15.392857142857142
11.299999999999976 15.256637168141593
11.399999999999975 15.175438596491228
11.499999999999975 15.11304347826087
11.599999999999975 15.017241379310345
11.699999999999974 14.888888888888889
11.799999999999974 14.85593220338983
11.899999999999974 14.798319327731093
11.999999999999973 14.725
12.099999999999973 14.644628099173554
12.199999999999973 14.581967213114755
12.299999999999972 14.463414634146341
12.399999999999972 14.35483870967742
12.499999999999972 14.32
12.599999999999971 14.222222222222221
12.699999999999971 14.118110236220472
12.799999999999971 14.015625
12.89999999999997 13.945736434108527
12.99999999999997 13.838461538461539
13.099999999999969 13.748091603053435
13.199999999999969 13.643939393939394
13.299999999999969 13.571428571428571
13.399999999999968 13.477611940298507
13.499999999999968 13.459259259259259
13.599999999999968 13.360294117647058
13.699999999999967 13.299270072992702
13.799999999999967 13.217391304347826
13.899999999999967 13.187050359712231
13.999999999999966 13.142857142857142
14.099999999999966 13.106382978723405
14.199999999999966 13.035211267605634
14.299999999999965 13.006993006993007
14.399999999999965 12.923611111111111
14.499999999999964 12.896551724137931
14.599999999999964 12.808219178082192
14.699999999999964 12.761904761904763
14.799999999999963 12.682432432432432
14.899999999999963 12.59731543624161
14.999999999999963 12.546666666666667
15.099999999999962 12.476821192052981
15.199999999999962 12.427631578947368
15.299999999999962 12.352941176470589
15.399999999999961 12.311688311688311
15.499999999999961 12.238709677419354
15.599999999999961 12.198717948717949
15.69999999999996 12.152866242038217
15.79999999999996 12.126582278481013
15.899999999999959 12.075471698113208
15.999999999999959 12.025
16.099999999999959 11.981366459627329
16.19999999999996 11.938271604938272
16.299999999999962 11.865030674846626
16.399999999999963 11.804878048780488
16.499999999999964 11.775757575757575
16.599999999999966 11.746987951807229
16.699999999999967 11.700598802395209
16.799999999999969 11.672619047619047
16.89999999999997 11.633136094674557
16.999999999999972 11.605882352941176
17.099999999999973 11.555555555555555
17.199999999999974 11.540697674418604
17.299999999999976 11.479768786127167
17.399999999999977 11.413793103448276
17.499999999999979 11.354285714285714
17.59999999999998 11.346590909090908
17.699999999999982 11.293785310734464
17.799999999999983 11.230337078651685
17.899999999999984 11.195530726256983
17.999999999999986 11.172222222222222
18.099999999999987 11.121546961325967
18.199999999999989 11.082417582417582
18.29999999999999 11.038251366120219
18.399999999999991 10.989130434782609
18.499999999999993 10.967567567567567
18.599999999999994 10.956989247311828
18.699999999999996 10.925133689839573
18.799999999999997 10.872340425531915
18.899999999999999 10.82010582010582
19.0 10.778947368421052
19.100000000000001 10.738219895287958
19.200000000000003 10.708333333333334
19.300000000000004 10.689119170984457
19.400000000000006 10.634020618556701
19.500000000000007 10.605128205128205
19.600000000000009 10.581632653061224
19.70000000000001 10.548223350253807
19.800000000000011 10.494949494949495
19.900000000000013 10.482412060301508
20.000000000000014 10.435
20.100000000000016 10.422885572139304
20.200000000000017 10.371287128712872
20.300000000000018 10.339901477832512
20.40000000000002 10.28921568627451
20.500000000000021 10.278048780487804
20.600000000000023 10.242718446601941
20.700000000000024 10.207729468599034
20.800000000000026 10.158653846153847
20.900000000000027 10.124401913875598
21.000000000000028 10.09047619047619
21.10000000000003 10.075829383886257
21.200000000000031 10.037735849056604
21.300000000000033 10.032863849765258
21.400000000000034 9.9859813084112155
21.500000000000036 9.9860465116279062
21.600000000000037 9.9768518518518512
21.700000000000038 9.9723502304147473
21.80000000000004 9.9403669724770634
21.900000000000041 9.9497716894977177
22.000000000000043 9.9090909090909083
22.100000000000044 9.8959276018099551
22.200000000000045 9.8558558558558556
22.300000000000047 9.8295964125560538
22.400000000000048 9.7857142857142865
22.50000000000005 9.7599999999999998
22.600000000000051 9.7212389380530979
22.700000000000053 9.7180616740088102
22.800000000000054 9.6798245614035086
22.900000000000055 9.6724890829694328
23.000000000000057 9.6347826086956516
23.100000000000058 9.6277056277056285
23.20000000000006 9.625
23.300000000000061 9.6480686695278965
23.400000000000063 9.615384615384615
23.500000000000064 9.5999999999999996
23.600000000000065 9.5720338983050848
23.700000000000067 9.5696202531645564
23.800000000000068 9.53781512605042
23.90000000000007 9.523012552301255
24.000000000000071 9.5041666666666664
24.100000000000072 9.5020746887966805
24.200000000000074 9.4752066115702487
24.300000000000075 9.481481481481481
24.400000000000077 9.4590163934426226
24.500000000000078 9.4285714285714288
24.60000000000008 9.4105691056910565
24.700000000000081 9.384615384615385
24.800000000000082 9.3508064516129039
24.900000000000084 9.3333333333333339
25.000000000000085 9.3200000000000003
25.100000000000087 9.286852589641434
25.200000000000088 9.2658730158730158
25.30000000000009 9.2766798418972325
25.400000000000091 9.2559055118110241
25.500000000000092 9.2235294117647051
25.600000000000094 9.1953125
25.700000000000095 9.1867704280155635
25.800000000000097 9.1860465116279073
25.900000000000098 9.1583011583011587
26.000000000000099 9.1500000000000004
26.100000000000101 9.1302681992337167
26.200000000000102 9.1221374045801529
26.300000000000104 9.1178707224334605
26.400000000000105 9.1060606060606055
26.500000000000107 9.0792452830188672
26.600000000000108 9.0864661654135332
26.700000000000109 9.0561797752808992
26.800000000000111 9.0447761194029859
26.900000000000112 9.014869888475836
27.000000000000114 9.0
27.100000000000115 8.9704797047970484
27.200000000000117 8.9485294117647065
27.300000000000118 8.9230769230769234
27.400000000000119 8.9014598540145986
27.500000000000121 8.8763636363636369
27.600000000000122 8.8623188405797109
27.700000000000124 8.8519855595667867
27.800000000000125 8.8309352517985609
27.900000000000126 8.827956989247312
28.000000000000128 8.8285714285714292
28.100000000000129 8.8078291814946628
28.200000000000131 8.787234042553191
28.300000000000132 8.7632508833922262
28.400000000000134 8.7535211267605639
28.500000000000135 8.7368421052631575
28.600000000000136 8.7062937062937067
28.700000000000138 8.6968641114982574
28.800000000000139 8.6840277777777786
28.900000000000141 8.6782006920415231
29.000000000000142 8.6655172413793107
29.100000000000144 8.6460481099656352
29.200000000000145 8.6267123287671232
29.300000000000146 8.6075085324232088
29.400000000000148 8.5986394557823136
29.500000000000149 8.5830508474576277
29.600000000000151 8.5641891891891895
29.700000000000152 8.5353535353535346
29.800000000000153 8.5201342281879189
29.900000000000155 8.4916387959866224
30.000000000000156 8.4866666666666664
30.100000000000158 8.471760797342192
30.200000000000159 8.4701986754966896
30.300000000000161 8.442244224422442
30.400000000000162 8.4309210526315788
30.500000000000163 8.4032786885245905
30.600000000000165 8.3921568627450984
30.700000000000166 8.3648208469055376
30.800000000000168 8.3571428571428577
30.900000000000169 8.3300970873786415
31.000000000000171 8.3387096774193541
31.100000000000172 8.3118971061093241
31.200000000000173 8.3076923076923084
31.300000000000175 8.2907348242811505
31.400000000000176 8.2738853503184711
31.500000000000178 8.2539682539682548
31.600000000000179 8.2468354430379751
31.70000000000018 8.2365930599369079
31.800000000000182 8.2264150943396235
31.900000000000183 8.216300940438872
32.000000000000185 8.2156249999999993
32.100000000000186 8.2149532710280369
32.200000000000188 8.1987577639751557
32.300000000000189 8.1764705882352935
32.40000000000019 8.182098765432098
32.500000000000192 8.1753846153846155
32.600000000000193 8.1625766871165641
32.700000000000195 8.1620795107033643
32.800000000000196 8.1402439024390247
32.900000000000198 8.1155015197568385
33.000000000000199 8.0969696969696976
33.1000000000002 8.0785498489425986
33.200000000000202 8.0692771084337345
33.300000000000203 8.06006006006006
33.400000000000205 8.0568862275449096
33.500000000000206 8.0477611940298512
33.600000000000207 8.0357142857142865
33.700000000000209 8.0474777448071215
33.80000000000021 8.0325443786982245
33.900000000000212 8.0206489675516224
34.000000000000213 8.0058823529411764
34.100000000000215 8.0117302052785924
34.200000000000216 7.9883040935672511
34.300000000000217 7.9766763848396502
34.400000000000219 7.9534883720930232
34.50000000000022 7.9333333333333336
34.600000000000222 7.9248554913294802
34.700000000000223 7.9048991354466862
34.800000000000225 7.8936781609195403
34.900000000000226 7.8825214899713467
35.000000000000227 7.8657142857142857
35.100000000000229 7.866096866096866
35.20000000000023 7.8693181818181817
35.300000000000232 7.8470254957507084
35.400000000000233 7.833333333333333
35.500000000000234 7.8253521126760566
35.600000000000236 7.8258426966292136
35.700000000000237 7.8123249299719886
35.800000000000239 7.7932960893854748
35.90000000000024 7.7883008356545957
36.000000000000242 7.7833333333333332
36.100000000000243 7.7867036011080328
36.200000000000244 7.7817679558011053
36.300000000000246 7.7685950413223139
36.400000000000247 7.7857142857142856
36.500000000000249 7.7808219178082192
36.60000000000025 7.7650273224043715
36.700000000000252 7.7520435967302452
36.800000000000253 7.7391304347826084
36.900000000000254 7.7371273712737123
37.000000000000256 7.7351351351351347
37.100000000000257 7.7277628032345014
37.200000000000259 7.7123655913978491
37.30000000000026 7.7050938337801611
37.400000000000261 7.7112299465240639
37.500000000000263 7.714666666666667
37.600000000000264 7.6968085106382977
37.700000000000266 7.6896551724137927
37.800000000000267 7.6746031746031749
37.900000000000269 7.683377308707124
38.00000000000027 7.6657894736842103
38.100000000000271 7.6745406824146984
38.200000000000273 7.6596858638743459
38.300000000000274 7.6396866840731068
38.400000000000276 7.622395833333333
38.500000000000277 7.6207792207792204
38.600000000000279 7.6010362694300522
38.70000000000028 7.6072351421188626
38.800000000000281 7.5876288659793811
38.900000000000283 7.5886889460154245
39.000000000000284 7.5769230769230766
39.100000000000286 7.5601023017902813
39.200000000000287 7.5510204081632653
39.300000000000288 7.5419847328244272
39.40000000000029 7.532994923857868
39.500000000000291 7.5341772151898736
39.600000000000293 7.5202020202020199
39.700000000000294 7.5163727959697733
39.800000000000296 7.5100502512562812
39.900000000000297 7.511278195488722
40.000000000000298 7.4950000000000001
40.1000000000003 7.4962593516209477
40.200000000000301 7.4850746268656714
40.300000000000303 7.481389578163772
40.400000000000304 7.4801980198019802
40.500000000000306 7.4716049382716045
40.600000000000307 7.4704433497536948
40.700000000000308 7.4520884520884518
40.80000000000031 7.4509803921568629
40.900000000000311 7.4352078239608801
41.000000000000313 7.4243902439024394
41.100000000000314 7.4111922141119217
41.200000000000315 7.4029126213592233
41.300000000000317 7.3898305084745761
41.400000000000318 7.3888888888888893
41.50000000000032 7.3831325301204815
41.600000000000321 7.3774038461538458
41.700000000000323 7.3717026378896886
41.800000000000324 7.3732057416267942
41.900000000000325 7.3556085918854412
42.000000000000327 7.3547619047619044
42.100000000000328 7.3515439429928744
42.20000000000033 7.3436018957345972
42.300000000000331 7.3404255319148932
42.400000000000333 7.3278301886792452
42.500000000000334 7.3200000000000003
42.600000000000335 7.314553990610329
42.700000000000337 7.3161592505854802
42.800000000000338 7.3154205607476639
42.90000000000034 7.3006993006993008
43.000000000000341 7.2906976744186043
43.100000000000342 7.2923433874709973
43.200000000000344 7.2847222222222223
43.300000000000345 7.2725173210161662
43.400000000000347 7.2626728110599075
43.500000000000348 7.2666666666666666
43.60000000000035 7.2683486238532113
43.700000000000351 7.2562929061784898
43.800000000000352 7.2557077625570781
43.900000000000354 7.2437357630979502
44.000000000000355 7.2454545454545451
44.100000000000357 7.2426303854875282
44.200000000000358 7.2375565610859729
44.30000000000036 7.2370203160270883
44.400000000000361 7.2252252252252251
44.500000000000362 7.2202247191011235
44.600000000000364 7.2152466367713002
44.700000000000365 7.2058165548098438
44.800000000000367 7.1964285714285712
44.900000000000368 7.1826280623608021
45.000000000000369 7.1888888888888891
45.100000000000371 7.1818181818181817
45.200000000000372 7.1725663716814161
45.300000000000374 7.1788079470198678
45.400000000000375 7.1696035242290748
45.500000000000377 7.1714285714285717
45.600000000000378 7.1578947368421053
45.700000000000379 7.1619256017505473
45.800000000000381 7.1550218340611353
45.900000000000382 7.1459694989106755
46.000000000000384 7.1326086956521735
46.100000000000385 7.1344902386117139
46.200000000000387 7.1212121212121211
46.300000000000388 7.1209503239740819
46.400000000000389 7.1099137931034484
46.500000000000391 7.1139784946236562
46.600000000000392 7.1051502145922747
46.700000000000394 7.1070663811563168
46.800000000000395 7.1025641025641022
46.900000000000396 7.1087420042643927
47.000000000000398 7.0999999999999996
47.100000000000399 7.0955414012738851
47.200000000000401 7.0911016949152543
47.300000000000402 7.0993657505285412
47.400000000000404 7.0886075949367084
47.500000000000405 7.0926315789473682
47.600000000000406 7.0861344537815123
47.700000000000408 7.0796645702306078
47.800000000000409 7.0690376569037658
47.900000000000411 7.0709812108559502
48.000000000000412 7.0750000000000002
48.100000000000414 7.0665280665280665
48.200000000000415 7.0726141078838172
48.300000000000416 7.0641821946169774
48.400000000000418 7.0661157024793386
48.500000000000419 7.0515463917525771
48.600000000000421 7.0493827160493829
48.700000000000422 7.0349075975359341
48.800000000000423 7.0307377049180326
48.900000000000425 7.0163599182004086
49.000000000000426 7.0122448979591834
49.100000000000428 6.9979633401221992
49.200000000000429 6.9979674796747968
49.300000000000431 6.9939148073022315
49.400000000000432 6.9858299595141702
49.500000000000433 6.9757575757575756
49.600000000000435 6.971774193548387
49.700000000000436 6.9657947686116701
49.800000000000438 6.9638554216867474
49.900000000000439 6.9539078156312621
50.000000000000441 6.96
50.100000000000442 6.9481037924151696
50.200000000000443 6.9501992031872506
50.300000000000445 6.9463220675944335
50.400000000000446 6.9464285714285712
50.500000000000448 6.9346534653465346
50.600000000000449 6.9308300395256914
50.70000000000045 6.9230769230769234
50.800000000000452 6.9232283464566926
50.900000000000453 6.9214145383104126
51.000000000000455 6.9137254901960787
51.100000000000456 6.9178082191780819
51.200000000000458 6.91796875
51.300000000000459 6.920077972709552
51.40000000000046 6.918287937743191
51.500000000000462 6.9281553398058255
51.600000000000463 6.9224806201550386
51.700000000000465 6.9168278529980656
51.800000000000466 6.9150579150579148
51.900000000000468 6.9055876685934487
52.000000000000469 6.9000000000000004
52.10000000000047 6.8905950095969288
52.200000000000472 6.8927203065134099
52.300000000000473 6.8929254302103251
52.400000000000475 6.885496183206107
52.500000000000476 6.8857142857142861
52.600000000000477 6.8859315589353614
52.700000000000479 6.8880455407969636
52.80000000000048 6.8768939393939394
52.900000000000482 6.8827977315689983
53.000000000000483 6.8830188679245285
53.100000000000485 6.8870056497175138
53.200000000000486 6.8796992481203008
53.300000000000487 6.879924953095685
53.400000000000489 6.8745318352059925
53.50000000000049 6.8635514018691586
53.600000000000492 6.8600746268656714
53.700000000000493 6.8547486033519549
53.800000000000495 6.8457249070631967
53.900000000000496 6.8367346938775508
54.000000000000497 6.8296296296296299
54.100000000000499 6.8317929759704255
54.2000000000005 6.8210332103321036
54.300000000000502 6.8176795580110499
54.400000000000503 6.8272058823529411
54.500000000000504 6.8238532110091743
54.600000000000506 6.8150183150183148
54.700000000000507 6.8062157221206583
54.800000000000509 6.812043795620438
54.90000000000051 6.7996357012750455
55.000000000000512 6.7872727272727271
55.100000000000513 6.7840290381125223
55.200000000000514 6.7862318840579707
55.300000000000516 6.7757685352622063
55.400000000000517 6.7707581227436826
55.500000000000519 6.7621621621621619
55.60000000000052 6.7553956834532372
55.700000000000522 6.7594254937163374
55.800000000000523 6.7598566308243724
55.900000000000524 6.747763864042934
56.000000000000526 6.7357142857142858
56.100000000000527 6.7326203208556148
56.200000000000529 6.7295373665480431
56.30000000000053 6.7175843694493782
56.400000000000531 6.707446808510638
56.500000000000533 6.7044247787610622
56.600000000000534 6.6978798586572434
56.700000000000536 6.7001763668430332
56.800000000000537 6.695422535211268
56.900000000000539 6.6889279437609845
57.00000000000054 6.6824561403508769
57.100000000000541 6.6900175131348512
57.200000000000543 6.6923076923076925
57.300000000000544 6.6858638743455501
57.400000000000546 6.6759581881533103
57.500000000000547 6.678260869565217
57.600000000000549 6.6701388888888893
57.70000000000055 6.6603119584055461
57.800000000000551 6.6643598615916959
57.900000000000553 6.6649395509499136
58.000000000000554 6.6586206896551721
58.100000000000556 6.6540447504302929
58.200000000000557 6.6563573883161515
58.300000000000558 6.65180102915952
58.40000000000056 6.6558219178082192
58.500000000000561 6.6598290598290601
58.600000000000563 6.6535836177474401
58.700000000000564 6.6524701873935266
58.800000000000566 6.6428571428571432
58.900000000000567 6.6383701188455007
59.000000000000568 6.6305084745762715
59.10000000000057 6.6260575296108293
59.200000000000571 6.6148648648648649
59.300000000000573 6.6155143338954465
59.400000000000574 6.6043771043771047
59.500000000000576 6.6016806722689072
59.600000000000577 6.5906040268456376
59.700000000000578 6.6013400335008372
59.80000000000058 6.5936454849498327
59.900000000000581 6.6010016694490821
60.000000000000583 6.5899999999999999
