0.10000000000000001 0.0
0.20000000000000001 0.0
0.30000000000000004 0.0
0.40000000000000002 0.0
0.5 0.0
0.59999999999999998 0.0
0.69999999999999996 6.7142857142857144
0.79999999999999993 7.375
0.89999999999999991 6.5555555555555554
0.99999999999999989 5.9000000000000004
1.0999999999999999 8.1818181818181817
1.2 13.083333333333334
1.3 16.53846153846154
1.4000000000000001 16.928571428571427
1.5000000000000002 18.933333333333334
1.6000000000000003 22.9375
1.7000000000000004 27.470588235294116
1.8000000000000005 31.444444444444443
1.9000000000000006 35.0
2.0000000000000004 38.25
2.1000000000000005 41.19047619047619
2.2000000000000006 43.863636363636367
2.3000000000000007 46.260869565217391
2.4000000000000008 48.5
2.5000000000000009 50.560000000000002
2.600000000000001 52.46153846153846
2.7000000000000011 53.851851851851855
2.8000000000000012 54.75
2.9000000000000012 54.896551724137929
3.0000000000000013 54.166666666666664
3.1000000000000014 52.41935483870968
3.2000000000000015 50.78125
3.3000000000000016 49.242424242424242
3.4000000000000017 47.794117647058826
3.5000000000000018 46.457142857142856
3.6000000000000019 45.194444444444443
3.700000000000002 44.351351351351354
3.800000000000002 43.44736842105263
3.9000000000000021 42.820512820512818
4.0000000000000018 42.399999999999999
4.1000000000000014 42.292682926829265
4.2000000000000011 42.571428571428569
4.3000000000000007 43.279069767441861
4.4000000000000004 44.204545454545453
4.5 44.888888888888886
4.5999999999999996 45.413043478260867
4.6999999999999993 46.255319148936174
4.7999999999999989 47.375
4.8999999999999986 48.448979591836732
4.9999999999999982 49.460000000000001
5.0999999999999979 50.450980392156865
5.1999999999999975 51.403846153846153
5.2999999999999972 52.188679245283019
5.3999999999999968 52.851851851851855
5.4999999999999964 53.527272727272724
5.5999999999999961 54.142857142857146
5.6999999999999957 54.210526315789473
5.7999999999999954 54.258620689655174
5.899999999999995 54.305084745762713
5.9999999999999947 54.43333333333333
6.0999999999999943 54.688524590163937
6.199999999999994 54.70967741935484
6.2999999999999936 54.317460317460316
6.3999999999999932 53.65625
6.4999999999999929 52.861538461538458
6.5999999999999925 52.18181818181818
6.6999999999999922 51.611940298507463
6.7999999999999918 51.117647058823529
6.8999999999999915 50.681159420289852
6.9999999999999911 50.314285714285717
7.0999999999999908 50.056338028169016
7.1999999999999904 49.972222222222221
7.2999999999999901 50.205479452054796
7.3999999999999897 50.54054054054054
7.4999999999999893 50.853333333333332
7.599999999999989 51.184210526315788
7.6999999999999886 51.545454545454547
7.7999999999999883 51.92307692307692
7.8999999999999879 52.443037974683541
7.9999999999999876 52.975000000000001
8.0999999999999872 53.469135802469133
8.1999999999999869 54.0
8.2999999999999865 54.554216867469883
8.3999999999999861 55.083333333333336
8.4999999999999858 55.611764705882351
8.5999999999999854 56.127906976744185
8.6999999999999851 56.632183908045974
8.7999999999999847 57.113636363636367
8.8999999999999844 57.59550561797753
8.999999999999984 58.06666666666667
9.0999999999999837 58.527472527472526
9.1999999999999833 58.967391304347828
9.2999999999999829 59.408602150537632
9.3999999999999826 59.840425531914896
9.4999999999999822 60.242105263157896
9.5999999999999819 60.635416666666664
9.6999999999999815 60.896907216494846
9.7999999999999812 61.030612244897959
9.8999999999999808 61.070707070707073
9.9999999999999805 60.960000000000001
10.09999999999998 60.564356435643568
10.19999999999998 59.970588235294116
10.299999999999979 59.38834951456311
10.399999999999979 58.82692307692308
10.499999999999979 58.276190476190479
10.599999999999978 57.764150943396224
10.699999999999978 57.22429906542056
10.799999999999978 56.722222222222221
10.899999999999977 56.201834862385319
10.999999999999977 55.799999999999997
11.099999999999977 55.432432432432435
11.199999999999976 55.080357142857146
11.299999999999976 54.814159292035399
11.399999999999975 54.578947368421055
11.499999999999975 54.391304347826086
11.599999999999975 54.293103448275865
11.699999999999974 54.29059829059829
11.799999999999974 54.389830508474574
11.899999999999974 54.521008403361343
11.999999999999973 54.69166666666667
12.099999999999973 54.909090909090907
12.199999999999973 55.172131147540981
12.299999999999972 55.487804878048777
12.399999999999972 55.838709677419352
12.499999999999972 56.159999999999997
12.599999999999971 56.484126984126981
12.699999999999971 56.811023622047244
12.799999999999971 57.140625
12.89999999999997 57.472868217054263
12.99999999999997 57.799999999999997
13.099999999999969 58.122137404580151
13.199999999999969 58.43181818181818
13.299999999999969 58.744360902255636
13.399999999999968 59.052238805970148
13.499999999999968 59.355555555555554
13.599999999999968 59.632352941176471
13.699999999999967 59.912408759124091
13.799999999999967 60.144927536231883
13.899999999999967 60.352517985611513
13.999999999999966 60.478571428571428
14.099999999999966 60.539007092198581
14.199999999999966 60.471830985915496
14.299999999999965 60.293706293706293
14.399999999999965 60.013888888888886
14.499999999999964 59.682758620689654
14.599999999999964 59.287671232876711
14.699999999999964 58.911564625850339
14.799999999999963 58.520270270270274
14.899999999999963 58.134228187919462
14.999999999999963 57.806666666666665
15.099999999999962 57.450331125827816
15.199999999999962 57.14473684210526
15.299999999999962 56.882352941176471
15.399999999999961 56.662337662337663
15.499999999999961 56.490322580645163
15.599999999999961 56.384615384615387
15.69999999999996 56.35031847133758
15.79999999999996 56.379746835443036
15.899999999999959 56.433962264150942
15.999999999999959 56.53125
16.099999999999959 56.670807453416153
16.19999999999996 56.858024691358025
16.299999999999962 57.092024539877301
16.399999999999963 57.353658536585364
16.499999999999964 57.61212121212121
16.599999999999966 57.867469879518069
16.699999999999967 58.113772455089823
16.799999999999969 58.363095238095241
16.89999999999997 58.609467455621299
16.999999999999972 58.852941176470587
17.099999999999973 59.076023391812868
17.199999999999974 59.308139534883722
17.299999999999976 59.520231213872833
17.399999999999977 59.735632183908045
17.499999999999979 59.960000000000001
17.59999999999998 60.1875
17.699999999999982 60.406779661016948
17.799999999999983 60.522471910112358
17.899999999999984 60.519553072625698
17.999999999999986 60.361111111111114
18.099999999999987 60.215469613259671
18.199999999999989 60.065934065934066
18.29999999999999 59.868852459016395
18.399999999999991 59.597826086956523
18.499999999999993 59.362162162162164
18.599999999999994 59.155913978494624
18.699999999999996 58.935828877005349
18.799999999999997 58.627659574468083
18.899999999999999 58.38095238095238
19.0 58.205263157894734
19.100000000000001 58.05759162303665
19.200000000000003 57.989583333333336
19.300000000000004 57.96373056994819
19.400000000000006 57.984536082474229
19.500000000000007 58.025641025641029
19.600000000000009 58.086734693877553
19.70000000000001 58.182741116751266
19.800000000000011 58.328282828282831
19.900000000000013 58.502512562814069
20.000000000000014 58.704999999999998
20.100000000000016 58.905472636815922
20.200000000000017 59.10891089108911
20.300000000000018 59.310344827586206
20.40000000000002 59.509803921568626
20.500000000000021 59.702439024390245
20.600000000000023 59.898058252427184
20.700000000000024 60.091787439613526
20.800000000000026 60.283653846153847
20.900000000000027 60.4688995215311
21.000000000000028 60.652380952380952
21.10000000000003 60.838862559241704
21.200000000000031 61.004716981132077
21.300000000000033 61.183098591549296
21.400000000000034 61.355140186915889
21.500000000000036 61.38604651162791
21.600000000000037 61.300925925925924
21.700000000000038 61.142857142857146
21.80000000000004 60.944954128440365
21.900000000000041 60.666666666666664
22.000000000000043 60.390909090909091
22.100000000000044 60.140271493212673
22.200000000000045 59.869369369369366
22.300000000000047 59.605381165919283
22.400000000000048 59.339285714285715
22.50000000000005 59.093333333333334
22.600000000000051 58.871681415929203
22.700000000000053 58.629955947136565
22.800000000000054 58.390350877192979
22.900000000000055 58.139737991266372
23.000000000000057 57.934782608695649
23.100000000000058 57.8008658008658
23.20000000000006 57.693965517241381
23.300000000000061 57.566523605150216
23.400000000000063 57.465811965811966
23.500000000000064 57.417021276595747
23.600000000000065 57.402542372881356
23.700000000000067 57.405063291139243
23.800000000000068 57.420168067226889
23.90000000000007 57.464435146443513
24.000000000000071 57.537500000000001
24.100000000000072 57.639004149377591
24.200000000000074 57.752066115702476
24.300000000000075 57.884773662551439
24.400000000000077 58.036885245901637
24.500000000000078 58.208163265306119
24.60000000000008 58.373983739837399
24.700000000000081 58.542510121457489
24.800000000000082 58.70967741935484
24.900000000000084 58.847389558232933
25.000000000000085 59.003999999999998
25.100000000000087 59.167330677290835
25.200000000000088 59.325396825396822
25.30000000000009 59.48221343873518
25.400000000000091 59.633858267716533
25.500000000000092 59.784313725490193
25.600000000000094 59.94140625
25.700000000000095 60.097276264591443
25.800000000000097 60.248062015503876
25.900000000000098 60.366795366795365
26.000000000000099 60.434615384615384
26.100000000000101 60.4367816091954
26.200000000000102 60.404580152671755
26.300000000000104 60.368821292775664
26.400000000000105 60.333333333333336
26.500000000000107 60.200000000000003
26.600000000000108 60.007518796992478
26.700000000000109 59.790262172284642
26.800000000000111 59.567164179104481
26.900000000000112 59.3457249070632
27.000000000000114 59.13703703703704
27.100000000000115 58.996309963099634
27.200000000000117 58.845588235294116
27.300000000000118 58.630036630036628
27.400000000000119 58.45255474452555
27.500000000000121 58.312727272727273
27.600000000000122 58.20289855072464
27.700000000000124 58.119133574007222
27.800000000000125 58.0
27.900000000000126 57.903225806451616
28.000000000000128 57.839285714285715
28.100000000000129 57.790035587188612
28.200000000000131 57.769503546099294
28.300000000000132 57.777385159010599
28.400000000000134 57.79577464788732
28.500000000000135 57.810526315789474
28.600000000000136 57.83916083916084
28.700000000000138 57.878048780487802
28.800000000000139 57.940972222222221
28.900000000000141 58.006920415224911
29.000000000000142 58.093103448275862
29.100000000000144 58.206185567010309
29.200000000000145 58.339041095890408
29.300000000000146 58.470989761092149
29.400000000000148 58.608843537414963
29.500000000000149 58.749152542372883
29.600000000000151 58.888513513513516
29.700000000000152 59.026936026936028
29.800000000000153 59.161073825503358
29.900000000000155 59.297658862876254
30.000000000000156 59.43333333333333
30.100000000000158 59.568106312292358
30.200000000000159 59.67880794701987
30.300000000000161 59.775577557755774
30.400000000000162 59.85526315789474
30.500000000000163 59.914754098360653
30.600000000000165 59.957516339869279
30.700000000000166 60.00325732899023
30.800000000000168 59.987012987012989
30.900000000000169 59.889967637540451
31.000000000000171 59.729032258064514
31.100000000000172 59.536977491961416
31.200000000000173 59.346153846153847
31.300000000000175 59.162939297124602
31.400000000000176 59.015923566878982
31.500000000000178 58.876190476190473
31.600000000000179 58.696202531645568
31.70000000000018 58.517350157728707
31.800000000000182 58.352201257861637
31.900000000000183 58.225705329153605
32.000000000000185 58.125
32.100000000000186 57.981308411214954
32.200000000000188 57.835403726708073
32.300000000000189 57.71826625386997
32.40000000000019 57.629629629629626
32.500000000000192 57.569230769230771
32.600000000000193 57.530674846625764
32.700000000000195 57.510703363914374
32.800000000000196 57.490853658536587
32.900000000000198 57.468085106382979
33.000000000000199 57.463636363636361
33.1000000000002 57.477341389728096
33.200000000000202 57.5
33.300000000000203 57.54054054054054
33.400000000000205 57.598802395209582
33.500000000000206 57.680597014925375
33.600000000000207 57.782738095238095
33.700000000000209 57.896142433234424
33.80000000000021 58.017751479289942
33.900000000000212 58.141592920353979
34.000000000000213 58.264705882352942
34.100000000000215 58.384164222873899
34.200000000000216 58.502923976608187
34.300000000000217 58.620991253644313
34.400000000000219 58.741279069767444
34.50000000000022 58.846376811594205
34.600000000000222 58.939306358381501
34.700000000000223 59.011527377521617
34.800000000000225 59.068965517241381
34.900000000000226 59.123209169054441
35.000000000000227 59.182857142857145
35.100000000000229 59.239316239316238
35.20000000000023 59.232954545454547
35.300000000000232 59.167138810198303
35.400000000000233 59.042372881355931
35.500000000000234 58.876056338028171
35.600000000000236 58.713483146067418
35.700000000000237 58.549019607843135
35.800000000000239 58.424581005586589
35.90000000000024 58.303621169916433
36.000000000000242 58.149999999999999
36.100000000000243 57.988919667590025
36.200000000000244 57.861878453038671
36.300000000000246 57.763085399449032
36.400000000000247 57.700549450549453
36.500000000000249 57.646575342465752
36.60000000000025 57.587431693989068
36.700000000000252 57.550408719346052
36.800000000000253 57.535326086956523
36.900000000000254 57.525745257452577
37.000000000000256 57.535135135135135
37.100000000000257 57.552560646900268
37.200000000000259 57.575268817204304
37.30000000000026 57.597855227882036
37.400000000000261 57.628342245989302
37.500000000000263 57.669333333333334
37.600000000000264 57.720744680851062
37.700000000000266 57.782493368700266
37.800000000000267 57.865079365079367
37.900000000000269 57.96306068601583
38.00000000000027 58.068421052631578
38.100000000000271 58.175853018372706
38.200000000000273 58.285340314136128
38.300000000000274 58.394255874673632
38.400000000000276 58.5
38.500000000000277 58.605194805194806
38.600000000000279 58.712435233160619
38.70000000000028 58.819121447028422
38.800000000000281 58.917525773195877
38.900000000000283 58.994858611825194
39.000000000000284 59.069230769230771
39.100000000000286 59.138107416879798
39.200000000000287 59.193877551020407
39.300000000000288 59.231552162849873
39.40000000000029 59.274111675126903
39.500000000000291 59.268354430379745
39.600000000000293 59.219696969696969
39.700000000000294 59.156171284634759
39.800000000000296 59.052763819095475
39.900000000000297 58.904761904761905
40.000000000000298 58.7575
40.1000000000003 58.630922693266832
40.200000000000301 58.519900497512438
40.300000000000303 58.441687344913149
40.400000000000304 58.349009900990097
40.500000000000306 58.249382716049382
40.600000000000307 58.169950738916256
40.700000000000308 58.103194103194106
40.80000000000031 58.066176470588232
40.900000000000311 58.061124694376531
41.000000000000313 58.070731707317073
41.100000000000314 58.092457420924575
41.200000000000315 58.128640776699029
41.300000000000317 58.186440677966104
41.400000000000318 58.260869565217391
41.50000000000032 58.342168674698797
41.600000000000321 58.432692307692307
41.700000000000323 58.52757793764988
41.800000000000324 58.619617224880386
41.900000000000325 58.708830548926016
42.000000000000327 58.797619047619051
42.100000000000328 58.895486935866984
42.20000000000033 58.992890995260666
42.300000000000331 59.085106382978722
42.400000000000333 59.181603773584904
42.500000000000334 59.272941176470589
42.600000000000335 59.368544600938968
42.700000000000337 59.461358313817328
42.800000000000338 59.542056074766357
42.90000000000034 59.631701631701631
43.000000000000341 59.720930232558139
43.100000000000342 59.807424593967518
43.200000000000344 59.895833333333336
43.300000000000345 59.976905311778289
43.400000000000347 60.043778801843317
43.500000000000348 60.105747126436782
43.60000000000035 60.169724770642205
43.700000000000351 60.240274599542332
43.800000000000352 60.294520547945204
43.900000000000354 60.337129840546694
44.000000000000355 60.359090909090909
44.100000000000357 60.365079365079367
44.200000000000358 60.382352941176471
44.30000000000036 60.410835214446955
44.400000000000361 60.448198198198199
44.500000000000362 60.462921348314609
44.600000000000364 60.495515695067262
44.700000000000365 60.534675615212528
44.800000000000367 60.578125
44.900000000000368 60.634743875278396
45.000000000000369 60.704444444444448
45.100000000000371 60.791574279379155
45.200000000000372 60.876106194690266
45.300000000000374 60.962472406181014
45.400000000000375 61.033039647577091
45.500000000000377 61.107692307692311
45.600000000000378 61.17763157894737
45.700000000000379 61.262582056892782
45.800000000000381 61.3471615720524
45.900000000000382 61.431372549019606
46.000000000000384 61.493478260869566
46.100000000000385 61.563991323210409
46.200000000000387 61.636363636363633
46.300000000000388 61.714902807775381
46.400000000000389 61.795258620689658
46.500000000000391 61.862365591397847
46.600000000000392 61.914163090128753
46.700000000000394 61.916488222698071
46.800000000000395 61.912393162393165
46.900000000000396 61.91897654584222
47.000000000000398 61.931914893617019
47.100000000000399 61.934182590233547
47.200000000000401 61.921610169491522
47.300000000000402 61.917547568710361
47.400000000000404 61.911392405063289
47.500000000000405 61.913684210526313
47.600000000000406 61.903361344537814
47.700000000000408 61.890985324947586
47.800000000000409 61.876569037656907
47.900000000000411 61.866388308977037
48.000000000000412 61.84375
48.100000000000414 61.814968814968815
48.200000000000415 61.794605809128633
48.300000000000416 61.780538302277435
48.400000000000418 61.785123966942152
48.500000000000419 61.802061855670104
48.600000000000421 61.806584362139915
48.700000000000422 61.817248459958932
48.800000000000423 61.831967213114751
48.900000000000425 61.865030674846629
49.000000000000426 61.918367346938773
49.100000000000428 61.987780040733199
49.200000000000429 62.0630081300813
49.300000000000431 62.131845841784987
49.400000000000432 62.204453441295549
49.500000000000433 62.280808080808079
49.600000000000435 62.35685483870968
49.700000000000436 62.430583501006033
49.800000000000438 62.506024096385545
49.900000000000439 62.557114228456911
50.000000000000441 62.578000000000003
50.100000000000442 62.596806387225548
50.200000000000443 62.617529880478088
50.300000000000445 62.638170974155067
50.400000000000446 62.660714285714285
50.500000000000448 62.675247524752479
50.600000000000449 62.68181818181818
50.70000000000045 62.662721893491124
50.800000000000452 62.618110236220474
50.900000000000453 62.546168958742633
51.000000000000455 62.43333333333333
51.100000000000456 62.31115459882583
51.200000000000458 62.189453125
51.300000000000459 62.072124756335285
51.40000000000046 61.951361867704279
51.500000000000462 61.831067961165047
51.600000000000463 61.720930232558139
51.700000000000465 61.622823984526114
51.800000000000466 61.528957528957527
51.900000000000468 61.416184971098268
52.000000000000469 61.303846153846152
52.10000000000047 61.203454894433783
52.200000000000472 61.130268199233718
52.300000000000473 61.076481835564053
52.400000000000475 61.026717557251906
52.500000000000476 60.988571428571426
52.600000000000477 60.965779467680605
52.700000000000479 60.962049335863377
52.80000000000048 60.969696969696969
52.900000000000482 60.977315689981097
53.000000000000483 60.994339622641512
53.100000000000485 61.018832391713751
53.200000000000486 61.058270676691727
53.300000000000487 61.106941838649156
53.400000000000489 61.159176029962545
53.50000000000049 61.220560747663555
53.600000000000492 61.289179104477611
53.700000000000493 61.357541899441344
53.800000000000495 61.427509293680295
53.900000000000496 61.499072356215216
54.000000000000497 61.57037037037037
54.100000000000499 61.641404805914974
54.2000000000005 61.697416974169741
54.300000000000502 61.760589318600367
54.400000000000503 61.818014705882355
54.500000000000504 61.875229357798162
54.600000000000506 61.926739926739927
54.700000000000507 61.972577696526507
54.800000000000509 62.010948905109487
54.90000000000051 62.043715846994537
55.000000000000512 62.083636363636366
55.100000000000513 62.114337568058076
55.200000000000514 62.121376811594203
55.300000000000516 62.097649186256781
55.400000000000517 62.032490974729242
55.500000000000519 61.951351351351349
55.60000000000052 61.879496402877699
55.700000000000522 61.820466786355475
55.800000000000523 61.750896057347667
55.900000000000524 61.688729874776385
56.000000000000526 61.63214285714286
56.100000000000527 61.584670231729056
56.200000000000529 61.535587188612098
56.30000000000053 61.513321492007108
56.400000000000531 61.5177304964539
56.500000000000533 61.527433628318583
56.600000000000534 61.53710247349823
56.700000000000536 61.553791887125222
56.800000000000537 61.5862676056338
56.900000000000539 61.63444639718805
57.00000000000054 61.692982456140349
57.100000000000541 61.754816112084065
57.200000000000543 61.82167832167832
57.300000000000544 61.888307155322863
57.400000000000546 61.952961672473869
57.500000000000547 62.017391304347825
57.600000000000549 62.083333333333336
57.70000000000055 62.149046793760832
57.800000000000551 62.193771626297575
57.900000000000553 62.229706390328154
58.000000000000554 62.258620689655174
58.100000000000556 62.283993115318417
58.200000000000557 62.314432989690722
58.300000000000558 62.339622641509436
58.40000000000056 62.349315068493148
58.500000000000561 62.33162393162393
58.600000000000563 62.273037542662117
58.700000000000564 62.189097103918229
58.800000000000566 62.096938775510203
58.900000000000567 61.996604414261462
59.000000000000568 61.89491525423729
59.10000000000057 61.802030456852791
59.200000000000571 61.697635135135137
59.300000000000573 61.596964586846546
59.400000000000574 61.5
59.500000000000576 61.420168067226889
59.600000000000577 61.343959731543627
59.700000000000578 61.269681742043552
59.80000000000058 61.202341137123746
59.900000000000581 61.151919866444075
60.000000000000583 61.113333333333337
