0.10000000000000001 0.0
0.20000000000000001 0.0
0.30000000000000004 0.0
0.40000000000000002 0.0
0.5 0.0
0.59999999999999998 0.0
0.69999999999999996 6.7142857142857144
0.79999999999999993 7.375
0.89999999999999991 6.5555555555555554
0.99999999999999989 5.9000000000000004
1.0999999999999999 8.1818181818181817
1.2 13.083333333333334
1.3 16.53846153846154
1.4000000000000001 16.928571428571427
1.5000000000000002 18.933333333333334
1.6000000000000003 22.9375
1.7000000000000004 27.470588235294116
1.8000000000000005 31.444444444444443
1.9000000000000006 35.0
2.0000000000000004 38.25
2.1000000000000005 41.19047619047619
2.2000000000000006 43.863636363636367
2.3000000000000007 46.260869565217391
2.4000000000000008 48.5
2.5000000000000009 50.560000000000002
2.600000000000001 52.46153846153846
2.7000000000000011 53.851851851851855
2.8000000000000012 54.75
2.9000000000000012 54.896551724137929
3.0000000000000013 54.166666666666664
3.1000000000000014 52.41935483870968
3.2000000000000015 50.78125
3.3000000000000016 49.242424242424242
3.4000000000000017 47.794117647058826
3.5000000000000018 46.457142857142856
3.6000000000000019 45.194444444444443
3.700000000000002 44.351351351351354
3.800000000000002 43.44736842105263
3.9000000000000021 42.820512820512818
4.0000000000000018 42.399999999999999
4.1000000000000014 42.219512195121951
4.2000000000000011 42.428571428571431
4.3000000000000007 43.069767441860463
4.4000000000000004 43.93181818181818
4.5 44.600000000000001
4.5999999999999996 45.065217391304351
4.6999999999999993 45.872340425531917
4.7999999999999989 47.0
4.8999999999999986 48.081632653061227
4.9999999999999982 49.100000000000001
5.0999999999999979 50.098039215686278
5.1999999999999975 51.057692307692307
5.2999999999999972 51.867924528301884
5.3999999999999968 52.481481481481481
5.4999999999999964 52.981818181818184
5.5999999999999961 53.357142857142854
5.6999999999999957 53.245614035087719
5.7999999999999954 53.068965517241381
5.899999999999995 52.881355932203391
5.9999999999999947 52.583333333333336
6.0999999999999943 52.344262295081968
6.199999999999994 51.822580645161288
6.2999999999999936 51.0
6.3999999999999932 50.203125
6.4999999999999929 49.430769230769229
6.5999999999999925 48.696969696969695
6.6999999999999922 47.970149253731343
6.7999999999999918 47.264705882352942
6.8999999999999915 46.710144927536234
6.9999999999999911 46.057142857142857
7.0999999999999908 45.633802816901408
7.1999999999999904 45.111111111111114
7.2999999999999901 44.520547945205479
7.3999999999999897 43.918918918918919
7.4999999999999893 43.333333333333336
7.599999999999989 42.89473684210526
7.6999999999999886 42.415584415584412
7.7999999999999883 41.948717948717949
7.8999999999999879 41.544303797468352
7.9999999999999876 41.237499999999997
8.0999999999999872 41.0
8.1999999999999869 40.853658536585364
8.2999999999999865 40.783132530120483
8.3999999999999861 40.773809523809526
8.4999999999999858 40.835294117647059
8.5999999999999854 40.97674418604651
8.6999999999999851 41.149425287356323
8.7999999999999847 41.386363636363633
8.8999999999999844 41.629213483146067
8.999999999999984 41.899999999999999
9.0999999999999837 42.197802197802197
9.1999999999999833 42.554347826086953
9.2999999999999829 42.913978494623656
9.3999999999999826 43.297872340425535
9.4999999999999822 43.631578947368418
9.5999999999999819 43.947916666666664
9.6999999999999815 44.237113402061858
9.7999999999999812 44.520408163265309
9.8999999999999808 44.797979797979799
9.9999999999999805 45.109999999999999
10.09999999999998 45.435643564356432
10.19999999999998 45.745098039215684
10.299999999999979 46.038834951456309
10.399999999999979 46.32692307692308
10.499999999999979 46.542857142857144
10.599999999999978 46.70754716981132
10.699999999999978 46.841121495327101
10.799999999999978 46.888888888888886
10.899999999999977 46.944954128440365
10.999999999999977 46.936363636363637
11.099999999999977 46.927927927927925
11.199999999999976 46.875
11.299999999999976 46.796460176991154
11.399999999999975 46.692982456140349
11.499999999999975 46.495652173913044
11.599999999999975 46.318965517241381
11.699999999999974 46.059829059829063
11.799999999999974 45.737288135593218
11.899999999999974 45.45378151260504
11.999999999999973 45.108333333333334
12.099999999999973 44.768595041322314
12.199999999999973 44.434426229508198
12.299999999999972 44.073170731707314
12.399999999999972 43.758064516129032
12.499999999999972 43.423999999999999
12.599999999999971 43.126984126984127
12.699999999999971 42.826771653543304
12.799999999999971 42.515625
12.89999999999997 42.209302325581397
12.99999999999997 41.930769230769229
13.099999999999969 41.679389312977101
13.199999999999969 41.43181818181818
13.299999999999969 41.180451127819552
13.399999999999968 40.932835820895519
13.499999999999968 40.74074074074074
13.599999999999968 40.522058823529413
13.699999999999967 40.335766423357661
13.799999999999967 40.181159420289852
13.899999999999967 40.043165467625897
13.999999999999966 39.964285714285715
14.099999999999966 39.893617021276597
14.199999999999966 39.781690140845072
14.299999999999965 39.692307692307693
14.399999999999965 39.618055555555557
14.499999999999964 39.593103448275862
14.599999999999964 39.589041095890408
14.699999999999964 39.605442176870746
14.799999999999963 39.601351351351354
14.899999999999963 39.63758389261745
14.999999999999963 39.693333333333335
15.099999999999962 39.741721854304636
15.199999999999962 39.82236842105263
15.299999999999962 39.908496732026144
15.399999999999961 40.019480519480517
15.499999999999961 40.122580645161293
15.599999999999961 40.25
15.69999999999996 40.382165605095544
15.79999999999996 40.5126582278481
15.899999999999959 40.654088050314463
15.999999999999959 40.78125
16.099999999999959 40.894409937888199
16.19999999999996 41.012345679012348
16.299999999999962 41.116564417177912
16.399999999999963 41.18292682926829
16.499999999999964 41.272727272727273
16.599999999999966 41.355421686746986
16.699999999999967 41.431137724550901
16.799999999999969 41.529761904761905
16.89999999999997 41.609467455621299
16.999999999999972 41.682352941176468
17.099999999999973 41.725146198830409
17.199999999999974 41.790697674418603
17.299999999999976 41.861271676300575
17.399999999999977 41.885057471264368
17.499999999999979 41.862857142857145
17.59999999999998 41.846590909090907
17.699999999999982 41.796610169491522
17.799999999999983 41.730337078651687
17.899999999999984 41.625698324022345
17.999999999999986 41.5
18.099999999999987 41.35911602209945
18.199999999999989 41.142857142857146
18.29999999999999 40.918032786885249
18.399999999999991 40.717391304347828
18.499999999999993 40.513513513513516
18.599999999999994 40.344086021505376
18.699999999999996 40.155080213903744
18.799999999999997 39.973404255319146
18.899999999999999 39.804232804232804
19.0 39.673684210526318
19.100000000000001 39.539267015706805
19.200000000000003 39.442708333333336
19.300000000000004 39.347150259067355
19.400000000000006 39.211340206185568
19.500000000000007 39.097435897435901
19.600000000000009 38.984693877551024
19.70000000000001 38.852791878172589
19.800000000000011 38.752525252525253
19.900000000000013 38.658291457286431
20.000000000000014 38.600000000000001
20.100000000000016 38.567164179104481
20.200000000000017 38.549504950495049
20.300000000000018 38.546798029556648
20.40000000000002 38.573529411764703
20.500000000000021 38.62439024390244
20.600000000000023 38.689320388349515
20.700000000000024 38.734299516908216
20.800000000000026 38.802884615384613
20.900000000000027 38.87081339712919
21.000000000000028 38.94761904761905
21.10000000000003 39.03317535545024
21.200000000000031 39.122641509433961
21.300000000000033 39.230046948356808
21.400000000000034 39.336448598130843
21.500000000000036 39.451162790697673
21.600000000000037 39.587962962962962
21.700000000000038 39.663594470046085
21.80000000000004 39.752293577981654
21.900000000000041 39.844748858447488
22.000000000000043 39.93181818181818
22.100000000000044 40.022624434389144
22.200000000000045 40.049549549549546
22.300000000000047 40.08968609865471
22.400000000000048 40.125
22.50000000000005 40.159999999999997
22.600000000000051 40.176991150442475
22.700000000000053 40.171806167400881
22.800000000000054 40.166666666666664
22.900000000000055 40.131004366812228
23.000000000000057 40.060869565217388
23.100000000000058 40.00865800865801
23.20000000000006 39.952586206896555
23.300000000000061 39.905579399141629
23.400000000000063 39.871794871794869
23.500000000000064 39.851063829787236
23.600000000000065 39.800847457627121
23.700000000000067 39.742616033755276
23.800000000000068 39.689075630252098
23.90000000000007 39.589958158995813
24.000000000000071 39.49583333333333
24.100000000000072 39.402489626556019
24.200000000000074 39.309917355371901
24.300000000000075 39.176954732510289
24.400000000000077 39.028688524590166
24.500000000000078 38.869387755102039
24.60000000000008 38.739837398373986
24.700000000000081 38.631578947368418
24.800000000000082 38.532258064516128
24.900000000000084 38.389558232931726
25.000000000000085 38.271999999999998
25.100000000000087 38.163346613545819
25.200000000000088 38.079365079365083
25.30000000000009 38.043478260869563
25.400000000000091 38.019685039370081
25.500000000000092 38.007843137254902
25.600000000000094 38.00390625
25.700000000000095 38.007782101167315
25.800000000000097 38.027131782945737
25.900000000000098 38.046332046332047
26.000000000000099 38.080769230769228
26.100000000000101 38.14176245210728
26.200000000000102 38.225190839694655
26.300000000000104 38.326996197718628
26.400000000000105 38.393939393939391
26.500000000000107 38.467924528301886
26.600000000000108 38.545112781954884
26.700000000000109 38.610486891385769
26.800000000000111 38.67537313432836
26.900000000000112 38.732342007434944
27.000000000000114 38.777777777777779
27.100000000000115 38.819188191881921
27.200000000000117 38.860294117647058
27.300000000000118 38.890109890109891
27.400000000000119 38.923357664233578
27.500000000000121 38.949090909090906
27.600000000000122 38.971014492753625
27.700000000000124 38.974729241877256
27.800000000000125 38.989208633093526
27.900000000000126 39.01075268817204
28.000000000000128 39.032142857142858
28.100000000000129 39.039145907473312
28.200000000000131 39.046099290780141
28.300000000000132 39.028268551236749
28.400000000000134 38.99647887323944
28.500000000000135 38.968421052631577
28.600000000000136 38.930069930069934
28.700000000000138 38.871080139372822
28.800000000000139 38.78125
28.900000000000141 38.692041522491351
29.000000000000142 38.606896551724141
29.100000000000144 38.536082474226802
29.200000000000145 38.465753424657535
29.300000000000146 38.368600682593858
29.400000000000148 38.238095238095241
29.500000000000149 38.125423728813558
29.600000000000151 38.013513513513516
29.700000000000152 37.915824915824913
29.800000000000153 37.81543624161074
29.900000000000155 37.722408026755851
30.000000000000156 37.626666666666665
30.100000000000158 37.544850498338867
30.200000000000159 37.483443708609272
30.300000000000161 37.455445544554458
30.400000000000162 37.440789473684212
30.500000000000163 37.43934426229508
30.600000000000165 37.434640522875817
30.700000000000166 37.452768729641697
30.800000000000168 37.483766233766232
30.900000000000169 37.527508090614887
31.000000000000171 37.58064516129032
31.100000000000172 37.643086816720256
31.200000000000173 37.721153846153847
31.300000000000175 37.808306709265175
31.400000000000176 37.875796178343947
31.500000000000178 37.93015873015873
31.600000000000179 38.003164556962027
31.70000000000018 38.082018927444793
31.800000000000182 38.163522012578618
31.900000000000183 38.238244514106583
32.000000000000185 38.309375000000003
32.100000000000186 38.383177570093459
32.200000000000188 38.434782608695649
32.300000000000189 38.492260061919502
32.40000000000019 38.543209876543209
32.500000000000192 38.578461538461539
32.600000000000193 38.595092024539881
32.700000000000195 38.608562691131496
32.800000000000196 38.625
32.900000000000198 38.61398176291793
33.000000000000199 38.603030303030302
33.1000000000002 38.595166163141997
33.200000000000202 38.578313253012048
33.300000000000203 38.561561561561561
33.400000000000205 38.544910179640716
33.500000000000206 38.534328358208953
33.600000000000207 38.532738095238095
33.700000000000209 38.534124629080118
33.80000000000021 38.517751479289942
33.900000000000212 38.454277286135692
34.000000000000213 38.376470588235293
34.100000000000215 38.269794721407628
34.200000000000216 38.16081871345029
34.300000000000217 38.075801749271136
34.400000000000219 37.985465116279073
34.50000000000022 37.881159420289855
34.600000000000222 37.78034682080925
34.700000000000223 37.69740634005764
34.800000000000225 37.620689655172413
34.900000000000226 37.54727793696275
35.000000000000227 37.497142857142855
35.100000000000229 37.46153846153846
35.20000000000023 37.454545454545453
35.300000000000232 37.441926345609062
35.400000000000233 37.44632768361582
35.500000000000234 37.464788732394368
35.600000000000236 37.49438202247191
35.700000000000237 37.523809523809526
35.800000000000239 37.553072625698327
35.90000000000024 37.584958217270191
36.000000000000242 37.625
36.100000000000243 37.667590027700832
36.200000000000244 37.709944751381215
36.300000000000246 37.754820936639121
36.400000000000247 37.796703296703299
36.500000000000249 37.830136986301369
36.60000000000025 37.866120218579233
36.700000000000252 37.869209809264305
36.800000000000253 37.869565217391305
36.900000000000254 37.867208672086718
37.000000000000256 37.848648648648648
37.100000000000257 37.840970350404312
37.200000000000259 37.817204301075272
37.30000000000026 37.777479892761392
37.400000000000261 37.735294117647058
37.500000000000263 37.68
37.600000000000264 37.619680851063826
37.700000000000266 37.559681697612731
37.800000000000267 37.4973544973545
37.900000000000269 37.440633245382585
38.00000000000027 37.386842105263156
38.100000000000271 37.346456692913385
38.200000000000273 37.31413612565445
38.300000000000274 37.276762402088771
38.400000000000276 37.247395833333336
38.500000000000277 37.205194805194807
38.600000000000279 37.170984455958546
38.70000000000028 37.139534883720927
38.800000000000281 37.115979381443296
38.900000000000283 37.089974293059129
39.000000000000284 37.051282051282051
39.100000000000286 37.007672634271103
39.200000000000287 36.977040816326529
39.300000000000288 36.956743002544528
39.40000000000029 36.949238578680202
39.500000000000291 36.951898734177213
39.600000000000293 36.946969696969695
39.700000000000294 36.952141057934512
39.800000000000296 36.962311557788944
39.900000000000297 36.977443609022558
40.000000000000298 37.0075
40.1000000000003 37.047381546134666
40.200000000000301 37.079601990049753
40.300000000000303 37.106699751861044
40.400000000000304 37.133663366336634
40.500000000000306 37.170370370370371
40.600000000000307 37.214285714285715
40.700000000000308 37.250614250614248
40.80000000000031 37.296568627450981
40.900000000000311 37.352078239608801
41.000000000000313 37.414634146341463
41.100000000000314 37.476885644768856
41.200000000000315 37.536407766990294
41.300000000000317 37.600484261501208
41.400000000000318 37.664251207729471
41.50000000000032 37.70843373493976
41.600000000000321 37.752403846153847
41.700000000000323 37.786570743405278
41.800000000000324 37.820574162679428
41.900000000000325 37.84486873508353
42.000000000000327 37.866666666666667
42.100000000000328 37.86935866983373
42.20000000000033 37.857819905213269
42.300000000000331 37.843971631205676
42.400000000000333 37.808962264150942
42.500000000000334 37.755294117647061
42.600000000000335 37.6924882629108
42.700000000000337 37.627634660421549
42.800000000000338 37.565420560747661
42.90000000000034 37.498834498834498
43.000000000000341 37.437209302325584
43.100000000000342 37.380510440835266
43.200000000000344 37.3125
43.300000000000345 37.247113163972287
43.400000000000347 37.198156682027651
43.500000000000348 37.149425287356323
43.60000000000035 37.103211009174309
43.700000000000351 37.066361556064074
43.800000000000352 37.036529680365298
43.900000000000354 37.009111617312072
44.000000000000355 36.972727272727276
44.100000000000357 36.934240362811792
44.200000000000358 36.902714932126699
44.30000000000036 36.871331828442436
44.400000000000361 36.837837837837839
44.500000000000362 36.80898876404494
44.600000000000364 36.786995515695068
44.700000000000365 36.771812080536911
44.800000000000367 36.752232142857146
44.900000000000368 36.72383073496659
45.000000000000369 36.700000000000003
45.100000000000371 36.67849223946785
45.200000000000372 36.659292035398231
45.300000000000374 36.657836644591612
45.400000000000375 36.669603524229075
45.500000000000377 36.683516483516485
45.600000000000378 36.692982456140349
45.700000000000379 36.695842450765866
45.800000000000381 36.709606986899566
45.900000000000382 36.734204793028326
46.000000000000384 36.760869565217391
46.100000000000385 36.796095444685463
46.200000000000387 36.837662337662337
46.300000000000388 36.885529157667385
46.400000000000389 36.920258620689658
46.500000000000391 36.961290322580645
46.600000000000392 36.997854077253216
46.700000000000394 37.042826552462529
46.800000000000395 37.070512820512818
46.900000000000396 37.093816631130061
47.000000000000398 37.125531914893614
47.100000000000399 37.154989384288747
47.200000000000401 37.16101694915254
47.300000000000402 37.169133192389005
47.400000000000404 37.172995780590718
47.500000000000405 37.170526315789473
47.600000000000406 37.161764705882355
47.700000000000408 37.155136268343817
47.800000000000409 37.14225941422594
47.900000000000411 37.131524008350731
48.000000000000412 37.12083333333333
48.100000000000414 37.07900207900208
48.200000000000415 37.053941908713696
48.300000000000416 37.037267080745345
48.400000000000418 37.010330578512395
48.500000000000419 36.96907216494845
48.600000000000421 36.919753086419753
48.700000000000422 36.876796714579058
48.800000000000423 36.819672131147541
48.900000000000425 36.762781186094067
49.000000000000426 36.714285714285715
49.100000000000428 36.661914460285132
49.200000000000429 36.607723577235774
49.300000000000431 36.557809330628807
49.400000000000432 36.522267206477736
49.500000000000433 36.490909090909092
49.600000000000435 36.467741935483872
49.700000000000436 36.442655935613679
49.800000000000438 36.425702811244982
49.900000000000439 36.402805611222448
50.000000000000441 36.384
50.100000000000442 36.36926147704591
50.200000000000443 36.360557768924302
50.300000000000445 36.361829025844933
50.400000000000446 36.375
50.500000000000448 36.396039603960396
50.600000000000449 36.42490118577075
50.70000000000045 36.437869822485204
50.800000000000452 36.452755905511808
50.900000000000453 36.475442043222003
51.000000000000455 36.501960784313724
51.100000000000456 36.540117416829744
51.200000000000458 36.583984375
51.300000000000459 36.619883040935676
51.40000000000046 36.659533073929964
51.500000000000462 36.710679611650484
51.600000000000463 36.765503875968989
51.700000000000465 36.823984526112184
51.800000000000466 36.889961389961393
51.900000000000468 36.955684007707127
52.000000000000469 37.028846153846153
52.10000000000047 37.0978886756238
52.200000000000472 37.159003831417621
52.300000000000473 37.212237093690248
52.400000000000475 37.259541984732827
52.500000000000476 37.295238095238098
52.600000000000477 37.323193916349808
52.700000000000479 37.337760910815938
52.80000000000048 37.339015151515149
52.900000000000482 37.330812854442343
53.000000000000483 37.31509433962264
53.100000000000485 37.299435028248588
53.200000000000486 37.265037593984964
53.300000000000487 37.22138836772983
53.400000000000489 37.179775280898873
53.50000000000049 37.138317757009347
53.600000000000492 37.085820895522389
53.700000000000493 37.046554934823092
53.800000000000495 36.985130111524164
53.900000000000496 36.929499072356215
54.000000000000497 36.874074074074073
54.100000000000499 36.828096118299449
54.2000000000005 36.789667896678964
54.300000000000502 36.755064456721918
54.400000000000503 36.722426470588232
54.500000000000504 36.669724770642205
54.600000000000506 36.615384615384613
54.700000000000507 36.555758683729437
54.800000000000509 36.505474452554743
54.90000000000051 36.464480874316941
55.000000000000512 36.425454545454542
55.100000000000513 36.402903811252266
55.200000000000514 36.387681159420289
55.300000000000516 36.377938517179025
55.400000000000517 36.377256317689529
55.500000000000519 36.38198198198198
55.60000000000052 36.397482014388487
55.700000000000522 36.402154398563731
55.800000000000523 36.410394265232974
55.900000000000524 36.418604651162788
56.000000000000526 36.428571428571431
56.100000000000527 36.445632798573975
56.200000000000529 36.459074733096088
56.30000000000053 36.483126110124331
56.400000000000531 36.519503546099294
56.500000000000533 36.555752212389379
56.600000000000534 36.586572438162541
56.700000000000536 36.61904761904762
56.800000000000537 36.647887323943664
56.900000000000539 36.68189806678383
57.00000000000054 36.717543859649126
57.100000000000541 36.746059544658493
57.200000000000543 36.781468531468533
57.300000000000544 36.820244328097729
57.400000000000546 36.860627177700351
57.500000000000547 36.893913043478264
57.600000000000549 36.916666666666664
57.70000000000055 36.942807625649912
57.800000000000551 36.968858131487892
57.900000000000553 36.986183074265973
58.000000000000554 36.991379310344826
58.100000000000556 36.986230636833049
58.200000000000557 36.972508591065292
58.300000000000558 36.950257289879929
58.40000000000056 36.921232876712331
58.500000000000561 36.883760683760684
58.600000000000563 36.853242320819113
58.700000000000564 36.819420783645654
58.800000000000566 36.773809523809526
58.900000000000567 36.724957555178271
59.000000000000568 36.681355932203388
59.10000000000057 36.63451776649746
59.200000000000571 36.576013513513516
59.300000000000573 36.527824620573355
59.400000000000574 36.476430976430976
59.500000000000576 36.430252100840335
59.600000000000577 36.38758389261745
59.700000000000578 36.341708542713569
59.80000000000058 36.309364548494983
59.900000000000581 36.277128547579302
60.000000000000583 36.25
